ARM GAS  C:\Users\Michael\AppData\Local\Temp\ccBSCXo0.s 			page 1


   1              		.cpu cortex-m4
   2              		.eabi_attribute 27, 1
   3              		.eabi_attribute 28, 1
   4              		.eabi_attribute 20, 1
   5              		.eabi_attribute 21, 1
   6              		.eabi_attribute 23, 3
   7              		.eabi_attribute 24, 1
   8              		.eabi_attribute 25, 1
   9              		.eabi_attribute 26, 1
  10              		.eabi_attribute 30, 1
  11              		.eabi_attribute 34, 1
  12              		.eabi_attribute 18, 4
  13              		.file	"gpio.c"
  14              		.text
  15              	.Ltext0:
  16              		.cfi_sections	.debug_frame
  17              		.section	.text.MX_GPIO_Init,"ax",%progbits
  18              		.align	1
  19              		.global	MX_GPIO_Init
  20              		.arch armv7e-m
  21              		.syntax unified
  22              		.thumb
  23              		.thumb_func
  24              		.fpu fpv4-sp-d16
  26              	MX_GPIO_Init:
  27              	.LFB132:
  28              		.file 1 "Core/Src/gpio.c"
   1:Core/Src/gpio.c **** /**
   2:Core/Src/gpio.c ****   ******************************************************************************
   3:Core/Src/gpio.c ****   * @file    gpio.c
   4:Core/Src/gpio.c ****   * @brief   This file provides code for the configuration
   5:Core/Src/gpio.c ****   *          of all used GPIO pins.
   6:Core/Src/gpio.c ****   ******************************************************************************
   7:Core/Src/gpio.c ****   * @attention
   8:Core/Src/gpio.c ****   *
   9:Core/Src/gpio.c ****   * <h2><center>&copy; Copyright (c) 2021 STMicroelectronics.
  10:Core/Src/gpio.c ****   * All rights reserved.</center></h2>
  11:Core/Src/gpio.c ****   *
  12:Core/Src/gpio.c ****   * This software component is licensed by ST under BSD 3-Clause license,
  13:Core/Src/gpio.c ****   * the "License"; You may not use this file except in compliance with the
  14:Core/Src/gpio.c ****   * License. You may obtain a copy of the License at:
  15:Core/Src/gpio.c ****   *                        opensource.org/licenses/BSD-3-Clause
  16:Core/Src/gpio.c ****   *
  17:Core/Src/gpio.c ****   ******************************************************************************
  18:Core/Src/gpio.c ****   */
  19:Core/Src/gpio.c **** 
  20:Core/Src/gpio.c **** /* Includes ------------------------------------------------------------------*/
  21:Core/Src/gpio.c **** #include "gpio.h"
  22:Core/Src/gpio.c **** 
  23:Core/Src/gpio.c **** /* USER CODE BEGIN 0 */
  24:Core/Src/gpio.c **** 
  25:Core/Src/gpio.c **** /* USER CODE END 0 */
  26:Core/Src/gpio.c **** 
  27:Core/Src/gpio.c **** /*----------------------------------------------------------------------------*/
  28:Core/Src/gpio.c **** /* Configure GPIO                                                             */
  29:Core/Src/gpio.c **** /*----------------------------------------------------------------------------*/
  30:Core/Src/gpio.c **** /* USER CODE BEGIN 1 */
ARM GAS  C:\Users\Michael\AppData\Local\Temp\ccBSCXo0.s 			page 2


  31:Core/Src/gpio.c **** 
  32:Core/Src/gpio.c **** /* USER CODE END 1 */
  33:Core/Src/gpio.c **** 
  34:Core/Src/gpio.c **** /** Configure pins as
  35:Core/Src/gpio.c ****         * Analog
  36:Core/Src/gpio.c ****         * Input
  37:Core/Src/gpio.c ****         * Output
  38:Core/Src/gpio.c ****         * EVENT_OUT
  39:Core/Src/gpio.c ****         * EXTI
  40:Core/Src/gpio.c **** */
  41:Core/Src/gpio.c **** void MX_GPIO_Init(void)
  42:Core/Src/gpio.c **** {
  29              		.loc 1 42 1 view -0
  30              		.cfi_startproc
  31              		@ args = 0, pretend = 0, frame = 32
  32              		@ frame_needed = 0, uses_anonymous_args = 0
  33 0000 10B5     		push	{r4, lr}
  34              	.LCFI0:
  35              		.cfi_def_cfa_offset 8
  36              		.cfi_offset 4, -8
  37              		.cfi_offset 14, -4
  38 0002 88B0     		sub	sp, sp, #32
  39              	.LCFI1:
  40              		.cfi_def_cfa_offset 40
  43:Core/Src/gpio.c **** 
  44:Core/Src/gpio.c ****   GPIO_InitTypeDef GPIO_InitStruct = {0};
  41              		.loc 1 44 3 view .LVU1
  42              		.loc 1 44 20 is_stmt 0 view .LVU2
  43 0004 0024     		movs	r4, #0
  44 0006 0394     		str	r4, [sp, #12]
  45 0008 0494     		str	r4, [sp, #16]
  46 000a 0594     		str	r4, [sp, #20]
  47 000c 0694     		str	r4, [sp, #24]
  48 000e 0794     		str	r4, [sp, #28]
  45:Core/Src/gpio.c **** 
  46:Core/Src/gpio.c ****   /* GPIO Ports Clock Enable */
  47:Core/Src/gpio.c ****   __HAL_RCC_GPIOC_CLK_ENABLE();
  49              		.loc 1 47 3 is_stmt 1 view .LVU3
  50              	.LBB2:
  51              		.loc 1 47 3 view .LVU4
  52              		.loc 1 47 3 view .LVU5
  53 0010 1F4B     		ldr	r3, .L3
  54 0012 DA6C     		ldr	r2, [r3, #76]
  55 0014 42F00402 		orr	r2, r2, #4
  56 0018 DA64     		str	r2, [r3, #76]
  57              		.loc 1 47 3 view .LVU6
  58 001a DA6C     		ldr	r2, [r3, #76]
  59 001c 02F00402 		and	r2, r2, #4
  60 0020 0092     		str	r2, [sp]
  61              		.loc 1 47 3 view .LVU7
  62 0022 009A     		ldr	r2, [sp]
  63              	.LBE2:
  64              		.loc 1 47 3 view .LVU8
  48:Core/Src/gpio.c ****   __HAL_RCC_GPIOA_CLK_ENABLE();
  65              		.loc 1 48 3 view .LVU9
  66              	.LBB3:
  67              		.loc 1 48 3 view .LVU10
ARM GAS  C:\Users\Michael\AppData\Local\Temp\ccBSCXo0.s 			page 3


  68              		.loc 1 48 3 view .LVU11
  69 0024 DA6C     		ldr	r2, [r3, #76]
  70 0026 42F00102 		orr	r2, r2, #1
  71 002a DA64     		str	r2, [r3, #76]
  72              		.loc 1 48 3 view .LVU12
  73 002c DA6C     		ldr	r2, [r3, #76]
  74 002e 02F00102 		and	r2, r2, #1
  75 0032 0192     		str	r2, [sp, #4]
  76              		.loc 1 48 3 view .LVU13
  77 0034 019A     		ldr	r2, [sp, #4]
  78              	.LBE3:
  79              		.loc 1 48 3 view .LVU14
  49:Core/Src/gpio.c ****   __HAL_RCC_GPIOB_CLK_ENABLE();
  80              		.loc 1 49 3 view .LVU15
  81              	.LBB4:
  82              		.loc 1 49 3 view .LVU16
  83              		.loc 1 49 3 view .LVU17
  84 0036 DA6C     		ldr	r2, [r3, #76]
  85 0038 42F00202 		orr	r2, r2, #2
  86 003c DA64     		str	r2, [r3, #76]
  87              		.loc 1 49 3 view .LVU18
  88 003e DB6C     		ldr	r3, [r3, #76]
  89 0040 03F00203 		and	r3, r3, #2
  90 0044 0293     		str	r3, [sp, #8]
  91              		.loc 1 49 3 view .LVU19
  92 0046 029B     		ldr	r3, [sp, #8]
  93              	.LBE4:
  94              		.loc 1 49 3 view .LVU20
  50:Core/Src/gpio.c **** 
  51:Core/Src/gpio.c ****   /*Configure GPIO pin Output Level */
  52:Core/Src/gpio.c ****   HAL_GPIO_WritePin(GPIOA, GPS_LED_Pin|PWR_LED_Pin|AUX_LED_Pin, GPIO_PIN_RESET);
  95              		.loc 1 52 3 view .LVU21
  96 0048 2246     		mov	r2, r4
  97 004a E021     		movs	r1, #224
  98 004c 4FF09040 		mov	r0, #1207959552
  99 0050 FFF7FEFF 		bl	HAL_GPIO_WritePin
 100              	.LVL0:
  53:Core/Src/gpio.c **** 
  54:Core/Src/gpio.c ****   /*Configure GPIO pins : PAPin PAPin */
  55:Core/Src/gpio.c ****   GPIO_InitStruct.Pin = BUTTON1_Pin|BUTTON2_Pin;
 101              		.loc 1 55 3 view .LVU22
 102              		.loc 1 55 23 is_stmt 0 view .LVU23
 103 0054 1823     		movs	r3, #24
 104 0056 0393     		str	r3, [sp, #12]
  56:Core/Src/gpio.c ****   GPIO_InitStruct.Mode = GPIO_MODE_INPUT;
 105              		.loc 1 56 3 is_stmt 1 view .LVU24
 106              		.loc 1 56 24 is_stmt 0 view .LVU25
 107 0058 0494     		str	r4, [sp, #16]
  57:Core/Src/gpio.c ****   GPIO_InitStruct.Pull = GPIO_NOPULL;
 108              		.loc 1 57 3 is_stmt 1 view .LVU26
 109              		.loc 1 57 24 is_stmt 0 view .LVU27
 110 005a 0594     		str	r4, [sp, #20]
  58:Core/Src/gpio.c ****   HAL_GPIO_Init(GPIOA, &GPIO_InitStruct);
 111              		.loc 1 58 3 is_stmt 1 view .LVU28
 112 005c 03A9     		add	r1, sp, #12
 113 005e 4FF09040 		mov	r0, #1207959552
 114 0062 FFF7FEFF 		bl	HAL_GPIO_Init
ARM GAS  C:\Users\Michael\AppData\Local\Temp\ccBSCXo0.s 			page 4


 115              	.LVL1:
  59:Core/Src/gpio.c **** 
  60:Core/Src/gpio.c ****   /*Configure GPIO pins : PAPin PAPin PAPin */
  61:Core/Src/gpio.c ****   GPIO_InitStruct.Pin = GPS_LED_Pin|PWR_LED_Pin|AUX_LED_Pin;
 116              		.loc 1 61 3 view .LVU29
 117              		.loc 1 61 23 is_stmt 0 view .LVU30
 118 0066 E023     		movs	r3, #224
 119 0068 0393     		str	r3, [sp, #12]
  62:Core/Src/gpio.c ****   GPIO_InitStruct.Mode = GPIO_MODE_OUTPUT_PP;
 120              		.loc 1 62 3 is_stmt 1 view .LVU31
 121              		.loc 1 62 24 is_stmt 0 view .LVU32
 122 006a 0123     		movs	r3, #1
 123 006c 0493     		str	r3, [sp, #16]
  63:Core/Src/gpio.c ****   GPIO_InitStruct.Pull = GPIO_NOPULL;
 124              		.loc 1 63 3 is_stmt 1 view .LVU33
 125              		.loc 1 63 24 is_stmt 0 view .LVU34
 126 006e 0594     		str	r4, [sp, #20]
  64:Core/Src/gpio.c ****   GPIO_InitStruct.Speed = GPIO_SPEED_FREQ_LOW;
 127              		.loc 1 64 3 is_stmt 1 view .LVU35
 128              		.loc 1 64 25 is_stmt 0 view .LVU36
 129 0070 0694     		str	r4, [sp, #24]
  65:Core/Src/gpio.c ****   HAL_GPIO_Init(GPIOA, &GPIO_InitStruct);
 130              		.loc 1 65 3 is_stmt 1 view .LVU37
 131 0072 03A9     		add	r1, sp, #12
 132 0074 4FF09040 		mov	r0, #1207959552
 133 0078 FFF7FEFF 		bl	HAL_GPIO_Init
 134              	.LVL2:
  66:Core/Src/gpio.c **** 
  67:Core/Src/gpio.c ****   /*Configure GPIO pins : PBPin PBPin */
  68:Core/Src/gpio.c ****   GPIO_InitStruct.Pin = IMU_INT1_Pin|IMU_INT2_Pin;
 135              		.loc 1 68 3 view .LVU38
 136              		.loc 1 68 23 is_stmt 0 view .LVU39
 137 007c 0323     		movs	r3, #3
 138 007e 0393     		str	r3, [sp, #12]
  69:Core/Src/gpio.c ****   GPIO_InitStruct.Mode = GPIO_MODE_INPUT;
 139              		.loc 1 69 3 is_stmt 1 view .LVU40
 140              		.loc 1 69 24 is_stmt 0 view .LVU41
 141 0080 0494     		str	r4, [sp, #16]
  70:Core/Src/gpio.c ****   GPIO_InitStruct.Pull = GPIO_NOPULL;
 142              		.loc 1 70 3 is_stmt 1 view .LVU42
 143              		.loc 1 70 24 is_stmt 0 view .LVU43
 144 0082 0594     		str	r4, [sp, #20]
  71:Core/Src/gpio.c ****   HAL_GPIO_Init(GPIOB, &GPIO_InitStruct);
 145              		.loc 1 71 3 is_stmt 1 view .LVU44
 146 0084 03A9     		add	r1, sp, #12
 147 0086 0348     		ldr	r0, .L3+4
 148 0088 FFF7FEFF 		bl	HAL_GPIO_Init
 149              	.LVL3:
  72:Core/Src/gpio.c **** 
  73:Core/Src/gpio.c **** }
 150              		.loc 1 73 1 is_stmt 0 view .LVU45
 151 008c 08B0     		add	sp, sp, #32
 152              	.LCFI2:
 153              		.cfi_def_cfa_offset 8
 154              		@ sp needed
 155 008e 10BD     		pop	{r4, pc}
 156              	.L4:
ARM GAS  C:\Users\Michael\AppData\Local\Temp\ccBSCXo0.s 			page 5


 157              		.align	2
 158              	.L3:
 159 0090 00100240 		.word	1073876992
 160 0094 00040048 		.word	1207960576
 161              		.cfi_endproc
 162              	.LFE132:
 164              		.text
 165              	.Letext0:
 166              		.file 2 "c:\\programdata\\chocolatey\\lib\\gcc-arm-embedded\\tools\\gcc-arm-none-eabi-10-2020-q4-m
 167              		.file 3 "c:\\programdata\\chocolatey\\lib\\gcc-arm-embedded\\tools\\gcc-arm-none-eabi-10-2020-q4-m
 168              		.file 4 "Drivers/CMSIS/Device/ST/STM32L4xx/Include/stm32l432xx.h"
 169              		.file 5 "Drivers/STM32L4xx_HAL_Driver/Inc/stm32l4xx_hal_gpio.h"
ARM GAS  C:\Users\Michael\AppData\Local\Temp\ccBSCXo0.s 			page 6


DEFINED SYMBOLS
                            *ABS*:00000000 gpio.c
C:\Users\Michael\AppData\Local\Temp\ccBSCXo0.s:18     .text.MX_GPIO_Init:00000000 $t
C:\Users\Michael\AppData\Local\Temp\ccBSCXo0.s:26     .text.MX_GPIO_Init:00000000 MX_GPIO_Init
C:\Users\Michael\AppData\Local\Temp\ccBSCXo0.s:159    .text.MX_GPIO_Init:00000090 $d

UNDEFINED SYMBOLS
HAL_GPIO_WritePin
HAL_GPIO_Init
