ARM GAS  C:\Users\Michael\AppData\Local\Temp\ccPFT2M3.s 			page 1


   1              		.cpu cortex-m4
   2              		.eabi_attribute 27, 1
   3              		.eabi_attribute 28, 1
   4              		.eabi_attribute 20, 1
   5              		.eabi_attribute 21, 1
   6              		.eabi_attribute 23, 3
   7              		.eabi_attribute 24, 1
   8              		.eabi_attribute 25, 1
   9              		.eabi_attribute 26, 1
  10              		.eabi_attribute 30, 1
  11              		.eabi_attribute 34, 1
  12              		.eabi_attribute 18, 4
  13              		.file	"spi.c"
  14              		.text
  15              	.Ltext0:
  16              		.cfi_sections	.debug_frame
  17              		.section	.text.MX_SPI1_Init,"ax",%progbits
  18              		.align	1
  19              		.global	MX_SPI1_Init
  20              		.arch armv7e-m
  21              		.syntax unified
  22              		.thumb
  23              		.thumb_func
  24              		.fpu fpv4-sp-d16
  26              	MX_SPI1_Init:
  27              	.LFB132:
  28              		.file 1 "Core/Src/spi.c"
   1:Core/Src/spi.c **** /**
   2:Core/Src/spi.c ****   ******************************************************************************
   3:Core/Src/spi.c ****   * @file    spi.c
   4:Core/Src/spi.c ****   * @brief   This file provides code for the configuration
   5:Core/Src/spi.c ****   *          of the SPI instances.
   6:Core/Src/spi.c ****   ******************************************************************************
   7:Core/Src/spi.c ****   * @attention
   8:Core/Src/spi.c ****   *
   9:Core/Src/spi.c ****   * <h2><center>&copy; Copyright (c) 2021 STMicroelectronics.
  10:Core/Src/spi.c ****   * All rights reserved.</center></h2>
  11:Core/Src/spi.c ****   *
  12:Core/Src/spi.c ****   * This software component is licensed by ST under BSD 3-Clause license,
  13:Core/Src/spi.c ****   * the "License"; You may not use this file except in compliance with the
  14:Core/Src/spi.c ****   * License. You may obtain a copy of the License at:
  15:Core/Src/spi.c ****   *                        opensource.org/licenses/BSD-3-Clause
  16:Core/Src/spi.c ****   *
  17:Core/Src/spi.c ****   ******************************************************************************
  18:Core/Src/spi.c ****   */
  19:Core/Src/spi.c **** 
  20:Core/Src/spi.c **** /* Includes ------------------------------------------------------------------*/
  21:Core/Src/spi.c **** #include "spi.h"
  22:Core/Src/spi.c **** 
  23:Core/Src/spi.c **** /* USER CODE BEGIN 0 */
  24:Core/Src/spi.c **** 
  25:Core/Src/spi.c **** /* USER CODE END 0 */
  26:Core/Src/spi.c **** 
  27:Core/Src/spi.c **** SPI_HandleTypeDef hspi1;
  28:Core/Src/spi.c **** 
  29:Core/Src/spi.c **** /* SPI1 init function */
  30:Core/Src/spi.c **** void MX_SPI1_Init(void)
ARM GAS  C:\Users\Michael\AppData\Local\Temp\ccPFT2M3.s 			page 2


  31:Core/Src/spi.c **** {
  29              		.loc 1 31 1 view -0
  30              		.cfi_startproc
  31              		@ args = 0, pretend = 0, frame = 0
  32              		@ frame_needed = 0, uses_anonymous_args = 0
  33 0000 08B5     		push	{r3, lr}
  34              	.LCFI0:
  35              		.cfi_def_cfa_offset 8
  36              		.cfi_offset 3, -8
  37              		.cfi_offset 14, -4
  32:Core/Src/spi.c **** 
  33:Core/Src/spi.c ****   /* USER CODE BEGIN SPI1_Init 0 */
  34:Core/Src/spi.c **** 
  35:Core/Src/spi.c ****   /* USER CODE END SPI1_Init 0 */
  36:Core/Src/spi.c **** 
  37:Core/Src/spi.c ****   /* USER CODE BEGIN SPI1_Init 1 */
  38:Core/Src/spi.c **** 
  39:Core/Src/spi.c ****   /* USER CODE END SPI1_Init 1 */
  40:Core/Src/spi.c ****   hspi1.Instance = SPI1;
  38              		.loc 1 40 3 view .LVU1
  39              		.loc 1 40 18 is_stmt 0 view .LVU2
  40 0002 1048     		ldr	r0, .L5
  41 0004 104B     		ldr	r3, .L5+4
  42 0006 0360     		str	r3, [r0]
  41:Core/Src/spi.c ****   hspi1.Init.Mode = SPI_MODE_MASTER;
  43              		.loc 1 41 3 is_stmt 1 view .LVU3
  44              		.loc 1 41 19 is_stmt 0 view .LVU4
  45 0008 4FF48273 		mov	r3, #260
  46 000c 4360     		str	r3, [r0, #4]
  42:Core/Src/spi.c ****   hspi1.Init.Direction = SPI_DIRECTION_2LINES;
  47              		.loc 1 42 3 is_stmt 1 view .LVU5
  48              		.loc 1 42 24 is_stmt 0 view .LVU6
  49 000e 0023     		movs	r3, #0
  50 0010 8360     		str	r3, [r0, #8]
  43:Core/Src/spi.c ****   hspi1.Init.DataSize = SPI_DATASIZE_4BIT;
  51              		.loc 1 43 3 is_stmt 1 view .LVU7
  52              		.loc 1 43 23 is_stmt 0 view .LVU8
  53 0012 4FF44072 		mov	r2, #768
  54 0016 C260     		str	r2, [r0, #12]
  44:Core/Src/spi.c ****   hspi1.Init.CLKPolarity = SPI_POLARITY_LOW;
  55              		.loc 1 44 3 is_stmt 1 view .LVU9
  56              		.loc 1 44 26 is_stmt 0 view .LVU10
  57 0018 0361     		str	r3, [r0, #16]
  45:Core/Src/spi.c ****   hspi1.Init.CLKPhase = SPI_PHASE_1EDGE;
  58              		.loc 1 45 3 is_stmt 1 view .LVU11
  59              		.loc 1 45 23 is_stmt 0 view .LVU12
  60 001a 4361     		str	r3, [r0, #20]
  46:Core/Src/spi.c ****   hspi1.Init.NSS = SPI_NSS_HARD_OUTPUT;
  61              		.loc 1 46 3 is_stmt 1 view .LVU13
  62              		.loc 1 46 18 is_stmt 0 view .LVU14
  63 001c 4FF48022 		mov	r2, #262144
  64 0020 8261     		str	r2, [r0, #24]
  47:Core/Src/spi.c ****   hspi1.Init.BaudRatePrescaler = SPI_BAUDRATEPRESCALER_2;
  65              		.loc 1 47 3 is_stmt 1 view .LVU15
  66              		.loc 1 47 32 is_stmt 0 view .LVU16
  67 0022 C361     		str	r3, [r0, #28]
  48:Core/Src/spi.c ****   hspi1.Init.FirstBit = SPI_FIRSTBIT_MSB;
ARM GAS  C:\Users\Michael\AppData\Local\Temp\ccPFT2M3.s 			page 3


  68              		.loc 1 48 3 is_stmt 1 view .LVU17
  69              		.loc 1 48 23 is_stmt 0 view .LVU18
  70 0024 0362     		str	r3, [r0, #32]
  49:Core/Src/spi.c ****   hspi1.Init.TIMode = SPI_TIMODE_DISABLE;
  71              		.loc 1 49 3 is_stmt 1 view .LVU19
  72              		.loc 1 49 21 is_stmt 0 view .LVU20
  73 0026 4362     		str	r3, [r0, #36]
  50:Core/Src/spi.c ****   hspi1.Init.CRCCalculation = SPI_CRCCALCULATION_DISABLE;
  74              		.loc 1 50 3 is_stmt 1 view .LVU21
  75              		.loc 1 50 29 is_stmt 0 view .LVU22
  76 0028 8362     		str	r3, [r0, #40]
  51:Core/Src/spi.c ****   hspi1.Init.CRCPolynomial = 7;
  77              		.loc 1 51 3 is_stmt 1 view .LVU23
  78              		.loc 1 51 28 is_stmt 0 view .LVU24
  79 002a 0722     		movs	r2, #7
  80 002c C262     		str	r2, [r0, #44]
  52:Core/Src/spi.c ****   hspi1.Init.CRCLength = SPI_CRC_LENGTH_DATASIZE;
  81              		.loc 1 52 3 is_stmt 1 view .LVU25
  82              		.loc 1 52 24 is_stmt 0 view .LVU26
  83 002e 0363     		str	r3, [r0, #48]
  53:Core/Src/spi.c ****   hspi1.Init.NSSPMode = SPI_NSS_PULSE_ENABLE;
  84              		.loc 1 53 3 is_stmt 1 view .LVU27
  85              		.loc 1 53 23 is_stmt 0 view .LVU28
  86 0030 0823     		movs	r3, #8
  87 0032 4363     		str	r3, [r0, #52]
  54:Core/Src/spi.c ****   if (HAL_SPI_Init(&hspi1) != HAL_OK)
  88              		.loc 1 54 3 is_stmt 1 view .LVU29
  89              		.loc 1 54 7 is_stmt 0 view .LVU30
  90 0034 FFF7FEFF 		bl	HAL_SPI_Init
  91              	.LVL0:
  92              		.loc 1 54 6 view .LVU31
  93 0038 00B9     		cbnz	r0, .L4
  94              	.L1:
  55:Core/Src/spi.c ****   {
  56:Core/Src/spi.c ****     Error_Handler();
  57:Core/Src/spi.c ****   }
  58:Core/Src/spi.c ****   /* USER CODE BEGIN SPI1_Init 2 */
  59:Core/Src/spi.c **** 
  60:Core/Src/spi.c ****   /* USER CODE END SPI1_Init 2 */
  61:Core/Src/spi.c **** 
  62:Core/Src/spi.c **** }
  95              		.loc 1 62 1 view .LVU32
  96 003a 08BD     		pop	{r3, pc}
  97              	.L4:
  56:Core/Src/spi.c ****   }
  98              		.loc 1 56 5 is_stmt 1 view .LVU33
  99 003c FFF7FEFF 		bl	Error_Handler
 100              	.LVL1:
 101              		.loc 1 62 1 is_stmt 0 view .LVU34
 102 0040 FBE7     		b	.L1
 103              	.L6:
 104 0042 00BF     		.align	2
 105              	.L5:
 106 0044 00000000 		.word	.LANCHOR0
 107 0048 00300140 		.word	1073819648
 108              		.cfi_endproc
 109              	.LFE132:
ARM GAS  C:\Users\Michael\AppData\Local\Temp\ccPFT2M3.s 			page 4


 111              		.section	.text.HAL_SPI_MspInit,"ax",%progbits
 112              		.align	1
 113              		.global	HAL_SPI_MspInit
 114              		.syntax unified
 115              		.thumb
 116              		.thumb_func
 117              		.fpu fpv4-sp-d16
 119              	HAL_SPI_MspInit:
 120              	.LVL2:
 121              	.LFB133:
  63:Core/Src/spi.c **** 
  64:Core/Src/spi.c **** void HAL_SPI_MspInit(SPI_HandleTypeDef* spiHandle)
  65:Core/Src/spi.c **** {
 122              		.loc 1 65 1 is_stmt 1 view -0
 123              		.cfi_startproc
 124              		@ args = 0, pretend = 0, frame = 32
 125              		@ frame_needed = 0, uses_anonymous_args = 0
 126              		.loc 1 65 1 is_stmt 0 view .LVU36
 127 0000 70B5     		push	{r4, r5, r6, lr}
 128              	.LCFI1:
 129              		.cfi_def_cfa_offset 16
 130              		.cfi_offset 4, -16
 131              		.cfi_offset 5, -12
 132              		.cfi_offset 6, -8
 133              		.cfi_offset 14, -4
 134 0002 88B0     		sub	sp, sp, #32
 135              	.LCFI2:
 136              		.cfi_def_cfa_offset 48
  66:Core/Src/spi.c **** 
  67:Core/Src/spi.c ****   GPIO_InitTypeDef GPIO_InitStruct = {0};
 137              		.loc 1 67 3 is_stmt 1 view .LVU37
 138              		.loc 1 67 20 is_stmt 0 view .LVU38
 139 0004 0023     		movs	r3, #0
 140 0006 0393     		str	r3, [sp, #12]
 141 0008 0493     		str	r3, [sp, #16]
 142 000a 0593     		str	r3, [sp, #20]
 143 000c 0693     		str	r3, [sp, #24]
 144 000e 0793     		str	r3, [sp, #28]
  68:Core/Src/spi.c ****   if(spiHandle->Instance==SPI1)
 145              		.loc 1 68 3 is_stmt 1 view .LVU39
 146              		.loc 1 68 15 is_stmt 0 view .LVU40
 147 0010 0268     		ldr	r2, [r0]
 148              		.loc 1 68 5 view .LVU41
 149 0012 1E4B     		ldr	r3, .L11
 150 0014 9A42     		cmp	r2, r3
 151 0016 01D0     		beq	.L10
 152              	.LVL3:
 153              	.L7:
  69:Core/Src/spi.c ****   {
  70:Core/Src/spi.c ****   /* USER CODE BEGIN SPI1_MspInit 0 */
  71:Core/Src/spi.c **** 
  72:Core/Src/spi.c ****   /* USER CODE END SPI1_MspInit 0 */
  73:Core/Src/spi.c ****     /* SPI1 clock enable */
  74:Core/Src/spi.c ****     __HAL_RCC_SPI1_CLK_ENABLE();
  75:Core/Src/spi.c **** 
  76:Core/Src/spi.c ****     __HAL_RCC_GPIOA_CLK_ENABLE();
  77:Core/Src/spi.c ****     __HAL_RCC_GPIOB_CLK_ENABLE();
ARM GAS  C:\Users\Michael\AppData\Local\Temp\ccPFT2M3.s 			page 5


  78:Core/Src/spi.c ****     /**SPI1 GPIO Configuration
  79:Core/Src/spi.c ****     PA1     ------> SPI1_SCK
  80:Core/Src/spi.c ****     PA15 (JTDI)     ------> SPI1_NSS
  81:Core/Src/spi.c ****     PB4 (NJTRST)     ------> SPI1_MISO
  82:Core/Src/spi.c ****     PB5     ------> SPI1_MOSI
  83:Core/Src/spi.c ****     */
  84:Core/Src/spi.c ****     GPIO_InitStruct.Pin = GPIO_PIN_1|GPIO_PIN_15;
  85:Core/Src/spi.c ****     GPIO_InitStruct.Mode = GPIO_MODE_AF_PP;
  86:Core/Src/spi.c ****     GPIO_InitStruct.Pull = GPIO_NOPULL;
  87:Core/Src/spi.c ****     GPIO_InitStruct.Speed = GPIO_SPEED_FREQ_VERY_HIGH;
  88:Core/Src/spi.c ****     GPIO_InitStruct.Alternate = GPIO_AF5_SPI1;
  89:Core/Src/spi.c ****     HAL_GPIO_Init(GPIOA, &GPIO_InitStruct);
  90:Core/Src/spi.c **** 
  91:Core/Src/spi.c ****     GPIO_InitStruct.Pin = GPIO_PIN_4|GPIO_PIN_5;
  92:Core/Src/spi.c ****     GPIO_InitStruct.Mode = GPIO_MODE_AF_PP;
  93:Core/Src/spi.c ****     GPIO_InitStruct.Pull = GPIO_NOPULL;
  94:Core/Src/spi.c ****     GPIO_InitStruct.Speed = GPIO_SPEED_FREQ_VERY_HIGH;
  95:Core/Src/spi.c ****     GPIO_InitStruct.Alternate = GPIO_AF5_SPI1;
  96:Core/Src/spi.c ****     HAL_GPIO_Init(GPIOB, &GPIO_InitStruct);
  97:Core/Src/spi.c **** 
  98:Core/Src/spi.c ****   /* USER CODE BEGIN SPI1_MspInit 1 */
  99:Core/Src/spi.c **** 
 100:Core/Src/spi.c ****   /* USER CODE END SPI1_MspInit 1 */
 101:Core/Src/spi.c ****   }
 102:Core/Src/spi.c **** }
 154              		.loc 1 102 1 view .LVU42
 155 0018 08B0     		add	sp, sp, #32
 156              	.LCFI3:
 157              		.cfi_remember_state
 158              		.cfi_def_cfa_offset 16
 159              		@ sp needed
 160 001a 70BD     		pop	{r4, r5, r6, pc}
 161              	.LVL4:
 162              	.L10:
 163              	.LCFI4:
 164              		.cfi_restore_state
  74:Core/Src/spi.c **** 
 165              		.loc 1 74 5 is_stmt 1 view .LVU43
 166              	.LBB2:
  74:Core/Src/spi.c **** 
 167              		.loc 1 74 5 view .LVU44
  74:Core/Src/spi.c **** 
 168              		.loc 1 74 5 view .LVU45
 169 001c 03F56043 		add	r3, r3, #57344
 170 0020 1A6E     		ldr	r2, [r3, #96]
 171 0022 42F48052 		orr	r2, r2, #4096
 172 0026 1A66     		str	r2, [r3, #96]
  74:Core/Src/spi.c **** 
 173              		.loc 1 74 5 view .LVU46
 174 0028 1A6E     		ldr	r2, [r3, #96]
 175 002a 02F48052 		and	r2, r2, #4096
 176 002e 0092     		str	r2, [sp]
  74:Core/Src/spi.c **** 
 177              		.loc 1 74 5 view .LVU47
 178 0030 009A     		ldr	r2, [sp]
 179              	.LBE2:
  74:Core/Src/spi.c **** 
ARM GAS  C:\Users\Michael\AppData\Local\Temp\ccPFT2M3.s 			page 6


 180              		.loc 1 74 5 view .LVU48
  76:Core/Src/spi.c ****     __HAL_RCC_GPIOB_CLK_ENABLE();
 181              		.loc 1 76 5 view .LVU49
 182              	.LBB3:
  76:Core/Src/spi.c ****     __HAL_RCC_GPIOB_CLK_ENABLE();
 183              		.loc 1 76 5 view .LVU50
  76:Core/Src/spi.c ****     __HAL_RCC_GPIOB_CLK_ENABLE();
 184              		.loc 1 76 5 view .LVU51
 185 0032 DA6C     		ldr	r2, [r3, #76]
 186 0034 42F00102 		orr	r2, r2, #1
 187 0038 DA64     		str	r2, [r3, #76]
  76:Core/Src/spi.c ****     __HAL_RCC_GPIOB_CLK_ENABLE();
 188              		.loc 1 76 5 view .LVU52
 189 003a DA6C     		ldr	r2, [r3, #76]
 190 003c 02F00102 		and	r2, r2, #1
 191 0040 0192     		str	r2, [sp, #4]
  76:Core/Src/spi.c ****     __HAL_RCC_GPIOB_CLK_ENABLE();
 192              		.loc 1 76 5 view .LVU53
 193 0042 019A     		ldr	r2, [sp, #4]
 194              	.LBE3:
  76:Core/Src/spi.c ****     __HAL_RCC_GPIOB_CLK_ENABLE();
 195              		.loc 1 76 5 view .LVU54
  77:Core/Src/spi.c ****     /**SPI1 GPIO Configuration
 196              		.loc 1 77 5 view .LVU55
 197              	.LBB4:
  77:Core/Src/spi.c ****     /**SPI1 GPIO Configuration
 198              		.loc 1 77 5 view .LVU56
  77:Core/Src/spi.c ****     /**SPI1 GPIO Configuration
 199              		.loc 1 77 5 view .LVU57
 200 0044 DA6C     		ldr	r2, [r3, #76]
 201 0046 42F00202 		orr	r2, r2, #2
 202 004a DA64     		str	r2, [r3, #76]
  77:Core/Src/spi.c ****     /**SPI1 GPIO Configuration
 203              		.loc 1 77 5 view .LVU58
 204 004c DB6C     		ldr	r3, [r3, #76]
 205 004e 03F00203 		and	r3, r3, #2
 206 0052 0293     		str	r3, [sp, #8]
  77:Core/Src/spi.c ****     /**SPI1 GPIO Configuration
 207              		.loc 1 77 5 view .LVU59
 208 0054 029B     		ldr	r3, [sp, #8]
 209              	.LBE4:
  77:Core/Src/spi.c ****     /**SPI1 GPIO Configuration
 210              		.loc 1 77 5 view .LVU60
  84:Core/Src/spi.c ****     GPIO_InitStruct.Mode = GPIO_MODE_AF_PP;
 211              		.loc 1 84 5 view .LVU61
  84:Core/Src/spi.c ****     GPIO_InitStruct.Mode = GPIO_MODE_AF_PP;
 212              		.loc 1 84 25 is_stmt 0 view .LVU62
 213 0056 48F20203 		movw	r3, #32770
 214 005a 0393     		str	r3, [sp, #12]
  85:Core/Src/spi.c ****     GPIO_InitStruct.Pull = GPIO_NOPULL;
 215              		.loc 1 85 5 is_stmt 1 view .LVU63
  85:Core/Src/spi.c ****     GPIO_InitStruct.Pull = GPIO_NOPULL;
 216              		.loc 1 85 26 is_stmt 0 view .LVU64
 217 005c 0226     		movs	r6, #2
 218 005e 0496     		str	r6, [sp, #16]
  86:Core/Src/spi.c ****     GPIO_InitStruct.Speed = GPIO_SPEED_FREQ_VERY_HIGH;
 219              		.loc 1 86 5 is_stmt 1 view .LVU65
ARM GAS  C:\Users\Michael\AppData\Local\Temp\ccPFT2M3.s 			page 7


  87:Core/Src/spi.c ****     GPIO_InitStruct.Alternate = GPIO_AF5_SPI1;
 220              		.loc 1 87 5 view .LVU66
  87:Core/Src/spi.c ****     GPIO_InitStruct.Alternate = GPIO_AF5_SPI1;
 221              		.loc 1 87 27 is_stmt 0 view .LVU67
 222 0060 0325     		movs	r5, #3
 223 0062 0695     		str	r5, [sp, #24]
  88:Core/Src/spi.c ****     HAL_GPIO_Init(GPIOA, &GPIO_InitStruct);
 224              		.loc 1 88 5 is_stmt 1 view .LVU68
  88:Core/Src/spi.c ****     HAL_GPIO_Init(GPIOA, &GPIO_InitStruct);
 225              		.loc 1 88 31 is_stmt 0 view .LVU69
 226 0064 0524     		movs	r4, #5
 227 0066 0794     		str	r4, [sp, #28]
  89:Core/Src/spi.c **** 
 228              		.loc 1 89 5 is_stmt 1 view .LVU70
 229 0068 03A9     		add	r1, sp, #12
 230 006a 4FF09040 		mov	r0, #1207959552
 231              	.LVL5:
  89:Core/Src/spi.c **** 
 232              		.loc 1 89 5 is_stmt 0 view .LVU71
 233 006e FFF7FEFF 		bl	HAL_GPIO_Init
 234              	.LVL6:
  91:Core/Src/spi.c ****     GPIO_InitStruct.Mode = GPIO_MODE_AF_PP;
 235              		.loc 1 91 5 is_stmt 1 view .LVU72
  91:Core/Src/spi.c ****     GPIO_InitStruct.Mode = GPIO_MODE_AF_PP;
 236              		.loc 1 91 25 is_stmt 0 view .LVU73
 237 0072 3023     		movs	r3, #48
 238 0074 0393     		str	r3, [sp, #12]
  92:Core/Src/spi.c ****     GPIO_InitStruct.Pull = GPIO_NOPULL;
 239              		.loc 1 92 5 is_stmt 1 view .LVU74
  92:Core/Src/spi.c ****     GPIO_InitStruct.Pull = GPIO_NOPULL;
 240              		.loc 1 92 26 is_stmt 0 view .LVU75
 241 0076 0496     		str	r6, [sp, #16]
  93:Core/Src/spi.c ****     GPIO_InitStruct.Speed = GPIO_SPEED_FREQ_VERY_HIGH;
 242              		.loc 1 93 5 is_stmt 1 view .LVU76
  93:Core/Src/spi.c ****     GPIO_InitStruct.Speed = GPIO_SPEED_FREQ_VERY_HIGH;
 243              		.loc 1 93 26 is_stmt 0 view .LVU77
 244 0078 0023     		movs	r3, #0
 245 007a 0593     		str	r3, [sp, #20]
  94:Core/Src/spi.c ****     GPIO_InitStruct.Alternate = GPIO_AF5_SPI1;
 246              		.loc 1 94 5 is_stmt 1 view .LVU78
  94:Core/Src/spi.c ****     GPIO_InitStruct.Alternate = GPIO_AF5_SPI1;
 247              		.loc 1 94 27 is_stmt 0 view .LVU79
 248 007c 0695     		str	r5, [sp, #24]
  95:Core/Src/spi.c ****     HAL_GPIO_Init(GPIOB, &GPIO_InitStruct);
 249              		.loc 1 95 5 is_stmt 1 view .LVU80
  95:Core/Src/spi.c ****     HAL_GPIO_Init(GPIOB, &GPIO_InitStruct);
 250              		.loc 1 95 31 is_stmt 0 view .LVU81
 251 007e 0794     		str	r4, [sp, #28]
  96:Core/Src/spi.c **** 
 252              		.loc 1 96 5 is_stmt 1 view .LVU82
 253 0080 03A9     		add	r1, sp, #12
 254 0082 0348     		ldr	r0, .L11+4
 255 0084 FFF7FEFF 		bl	HAL_GPIO_Init
 256              	.LVL7:
 257              		.loc 1 102 1 is_stmt 0 view .LVU83
 258 0088 C6E7     		b	.L7
 259              	.L12:
ARM GAS  C:\Users\Michael\AppData\Local\Temp\ccPFT2M3.s 			page 8


 260 008a 00BF     		.align	2
 261              	.L11:
 262 008c 00300140 		.word	1073819648
 263 0090 00040048 		.word	1207960576
 264              		.cfi_endproc
 265              	.LFE133:
 267              		.section	.text.HAL_SPI_MspDeInit,"ax",%progbits
 268              		.align	1
 269              		.global	HAL_SPI_MspDeInit
 270              		.syntax unified
 271              		.thumb
 272              		.thumb_func
 273              		.fpu fpv4-sp-d16
 275              	HAL_SPI_MspDeInit:
 276              	.LVL8:
 277              	.LFB134:
 103:Core/Src/spi.c **** 
 104:Core/Src/spi.c **** void HAL_SPI_MspDeInit(SPI_HandleTypeDef* spiHandle)
 105:Core/Src/spi.c **** {
 278              		.loc 1 105 1 is_stmt 1 view -0
 279              		.cfi_startproc
 280              		@ args = 0, pretend = 0, frame = 0
 281              		@ frame_needed = 0, uses_anonymous_args = 0
 282              		.loc 1 105 1 is_stmt 0 view .LVU85
 283 0000 08B5     		push	{r3, lr}
 284              	.LCFI5:
 285              		.cfi_def_cfa_offset 8
 286              		.cfi_offset 3, -8
 287              		.cfi_offset 14, -4
 106:Core/Src/spi.c **** 
 107:Core/Src/spi.c ****   if(spiHandle->Instance==SPI1)
 288              		.loc 1 107 3 is_stmt 1 view .LVU86
 289              		.loc 1 107 15 is_stmt 0 view .LVU87
 290 0002 0268     		ldr	r2, [r0]
 291              		.loc 1 107 5 view .LVU88
 292 0004 094B     		ldr	r3, .L17
 293 0006 9A42     		cmp	r2, r3
 294 0008 00D0     		beq	.L16
 295              	.LVL9:
 296              	.L13:
 108:Core/Src/spi.c ****   {
 109:Core/Src/spi.c ****   /* USER CODE BEGIN SPI1_MspDeInit 0 */
 110:Core/Src/spi.c **** 
 111:Core/Src/spi.c ****   /* USER CODE END SPI1_MspDeInit 0 */
 112:Core/Src/spi.c ****     /* Peripheral clock disable */
 113:Core/Src/spi.c ****     __HAL_RCC_SPI1_CLK_DISABLE();
 114:Core/Src/spi.c **** 
 115:Core/Src/spi.c ****     /**SPI1 GPIO Configuration
 116:Core/Src/spi.c ****     PA1     ------> SPI1_SCK
 117:Core/Src/spi.c ****     PA15 (JTDI)     ------> SPI1_NSS
 118:Core/Src/spi.c ****     PB4 (NJTRST)     ------> SPI1_MISO
 119:Core/Src/spi.c ****     PB5     ------> SPI1_MOSI
 120:Core/Src/spi.c ****     */
 121:Core/Src/spi.c ****     HAL_GPIO_DeInit(GPIOA, GPIO_PIN_1|GPIO_PIN_15);
 122:Core/Src/spi.c **** 
 123:Core/Src/spi.c ****     HAL_GPIO_DeInit(GPIOB, GPIO_PIN_4|GPIO_PIN_5);
 124:Core/Src/spi.c **** 
ARM GAS  C:\Users\Michael\AppData\Local\Temp\ccPFT2M3.s 			page 9


 125:Core/Src/spi.c ****   /* USER CODE BEGIN SPI1_MspDeInit 1 */
 126:Core/Src/spi.c **** 
 127:Core/Src/spi.c ****   /* USER CODE END SPI1_MspDeInit 1 */
 128:Core/Src/spi.c ****   }
 129:Core/Src/spi.c **** }
 297              		.loc 1 129 1 view .LVU89
 298 000a 08BD     		pop	{r3, pc}
 299              	.LVL10:
 300              	.L16:
 113:Core/Src/spi.c **** 
 301              		.loc 1 113 5 is_stmt 1 view .LVU90
 302 000c 084A     		ldr	r2, .L17+4
 303 000e 136E     		ldr	r3, [r2, #96]
 304 0010 23F48053 		bic	r3, r3, #4096
 305 0014 1366     		str	r3, [r2, #96]
 121:Core/Src/spi.c **** 
 306              		.loc 1 121 5 view .LVU91
 307 0016 48F20201 		movw	r1, #32770
 308 001a 4FF09040 		mov	r0, #1207959552
 309              	.LVL11:
 121:Core/Src/spi.c **** 
 310              		.loc 1 121 5 is_stmt 0 view .LVU92
 311 001e FFF7FEFF 		bl	HAL_GPIO_DeInit
 312              	.LVL12:
 123:Core/Src/spi.c **** 
 313              		.loc 1 123 5 is_stmt 1 view .LVU93
 314 0022 3021     		movs	r1, #48
 315 0024 0348     		ldr	r0, .L17+8
 316 0026 FFF7FEFF 		bl	HAL_GPIO_DeInit
 317              	.LVL13:
 318              		.loc 1 129 1 is_stmt 0 view .LVU94
 319 002a EEE7     		b	.L13
 320              	.L18:
 321              		.align	2
 322              	.L17:
 323 002c 00300140 		.word	1073819648
 324 0030 00100240 		.word	1073876992
 325 0034 00040048 		.word	1207960576
 326              		.cfi_endproc
 327              	.LFE134:
 329              		.global	hspi1
 330              		.section	.bss.hspi1,"aw",%nobits
 331              		.align	2
 332              		.set	.LANCHOR0,. + 0
 335              	hspi1:
 336 0000 00000000 		.space	100
 336      00000000 
 336      00000000 
 336      00000000 
 336      00000000 
 337              		.text
 338              	.Letext0:
 339              		.file 2 "c:\\programdata\\chocolatey\\lib\\gcc-arm-embedded\\tools\\gcc-arm-none-eabi-10-2020-q4-m
 340              		.file 3 "c:\\programdata\\chocolatey\\lib\\gcc-arm-embedded\\tools\\gcc-arm-none-eabi-10-2020-q4-m
 341              		.file 4 "Drivers/CMSIS/Device/ST/STM32L4xx/Include/stm32l432xx.h"
 342              		.file 5 "Drivers/STM32L4xx_HAL_Driver/Inc/stm32l4xx_hal_def.h"
 343              		.file 6 "Drivers/STM32L4xx_HAL_Driver/Inc/stm32l4xx_hal_gpio.h"
ARM GAS  C:\Users\Michael\AppData\Local\Temp\ccPFT2M3.s 			page 10


 344              		.file 7 "Drivers/STM32L4xx_HAL_Driver/Inc/stm32l4xx_hal_dma.h"
 345              		.file 8 "Drivers/STM32L4xx_HAL_Driver/Inc/stm32l4xx_hal_spi.h"
 346              		.file 9 "Core/Inc/main.h"
 347              		.file 10 "Core/Inc/spi.h"
ARM GAS  C:\Users\Michael\AppData\Local\Temp\ccPFT2M3.s 			page 11


DEFINED SYMBOLS
                            *ABS*:00000000 spi.c
C:\Users\Michael\AppData\Local\Temp\ccPFT2M3.s:18     .text.MX_SPI1_Init:00000000 $t
C:\Users\Michael\AppData\Local\Temp\ccPFT2M3.s:26     .text.MX_SPI1_Init:00000000 MX_SPI1_Init
C:\Users\Michael\AppData\Local\Temp\ccPFT2M3.s:106    .text.MX_SPI1_Init:00000044 $d
C:\Users\Michael\AppData\Local\Temp\ccPFT2M3.s:112    .text.HAL_SPI_MspInit:00000000 $t
C:\Users\Michael\AppData\Local\Temp\ccPFT2M3.s:119    .text.HAL_SPI_MspInit:00000000 HAL_SPI_MspInit
C:\Users\Michael\AppData\Local\Temp\ccPFT2M3.s:262    .text.HAL_SPI_MspInit:0000008c $d
C:\Users\Michael\AppData\Local\Temp\ccPFT2M3.s:268    .text.HAL_SPI_MspDeInit:00000000 $t
C:\Users\Michael\AppData\Local\Temp\ccPFT2M3.s:275    .text.HAL_SPI_MspDeInit:00000000 HAL_SPI_MspDeInit
C:\Users\Michael\AppData\Local\Temp\ccPFT2M3.s:323    .text.HAL_SPI_MspDeInit:0000002c $d
C:\Users\Michael\AppData\Local\Temp\ccPFT2M3.s:335    .bss.hspi1:00000000 hspi1
C:\Users\Michael\AppData\Local\Temp\ccPFT2M3.s:331    .bss.hspi1:00000000 $d

UNDEFINED SYMBOLS
HAL_SPI_Init
Error_Handler
HAL_GPIO_Init
HAL_GPIO_DeInit
