ARM GAS  C:\Users\Michael\AppData\Local\Temp\ccWSKgoU.s 			page 1


   1              		.cpu cortex-m4
   2              		.eabi_attribute 27, 1
   3              		.eabi_attribute 28, 1
   4              		.eabi_attribute 20, 1
   5              		.eabi_attribute 21, 1
   6              		.eabi_attribute 23, 3
   7              		.eabi_attribute 24, 1
   8              		.eabi_attribute 25, 1
   9              		.eabi_attribute 26, 1
  10              		.eabi_attribute 30, 1
  11              		.eabi_attribute 34, 1
  12              		.eabi_attribute 18, 4
  13              		.file	"stm32l4xx_it.c"
  14              		.text
  15              	.Ltext0:
  16              		.cfi_sections	.debug_frame
  17              		.section	.text.NMI_Handler,"ax",%progbits
  18              		.align	1
  19              		.global	NMI_Handler
  20              		.arch armv7e-m
  21              		.syntax unified
  22              		.thumb
  23              		.thumb_func
  24              		.fpu fpv4-sp-d16
  26              	NMI_Handler:
  27              	.LFB135:
  28              		.file 1 "Core/Src/stm32l4xx_it.c"
   1:Core/Src/stm32l4xx_it.c **** /* USER CODE BEGIN Header */
   2:Core/Src/stm32l4xx_it.c **** /**
   3:Core/Src/stm32l4xx_it.c ****   ******************************************************************************
   4:Core/Src/stm32l4xx_it.c ****   * @file    stm32l4xx_it.c
   5:Core/Src/stm32l4xx_it.c ****   * @brief   Interrupt Service Routines.
   6:Core/Src/stm32l4xx_it.c ****   ******************************************************************************
   7:Core/Src/stm32l4xx_it.c ****   * @attention
   8:Core/Src/stm32l4xx_it.c ****   *
   9:Core/Src/stm32l4xx_it.c ****   * <h2><center>&copy; Copyright (c) 2021 STMicroelectronics.
  10:Core/Src/stm32l4xx_it.c ****   * All rights reserved.</center></h2>
  11:Core/Src/stm32l4xx_it.c ****   *
  12:Core/Src/stm32l4xx_it.c ****   * This software component is licensed by ST under BSD 3-Clause license,
  13:Core/Src/stm32l4xx_it.c ****   * the "License"; You may not use this file except in compliance with the
  14:Core/Src/stm32l4xx_it.c ****   * License. You may obtain a copy of the License at:
  15:Core/Src/stm32l4xx_it.c ****   *                        opensource.org/licenses/BSD-3-Clause
  16:Core/Src/stm32l4xx_it.c ****   *
  17:Core/Src/stm32l4xx_it.c ****   ******************************************************************************
  18:Core/Src/stm32l4xx_it.c ****   */
  19:Core/Src/stm32l4xx_it.c **** /* USER CODE END Header */
  20:Core/Src/stm32l4xx_it.c **** 
  21:Core/Src/stm32l4xx_it.c **** /* Includes ------------------------------------------------------------------*/
  22:Core/Src/stm32l4xx_it.c **** #include "main.h"
  23:Core/Src/stm32l4xx_it.c **** #include "stm32l4xx_it.h"
  24:Core/Src/stm32l4xx_it.c **** /* Private includes ----------------------------------------------------------*/
  25:Core/Src/stm32l4xx_it.c **** /* USER CODE BEGIN Includes */
  26:Core/Src/stm32l4xx_it.c **** #include <stdio.h>
  27:Core/Src/stm32l4xx_it.c **** #include "SEGGER_RTT.h"
  28:Core/Src/stm32l4xx_it.c **** /* USER CODE END Includes */
  29:Core/Src/stm32l4xx_it.c **** 
  30:Core/Src/stm32l4xx_it.c **** /* Private typedef -----------------------------------------------------------*/
ARM GAS  C:\Users\Michael\AppData\Local\Temp\ccWSKgoU.s 			page 2


  31:Core/Src/stm32l4xx_it.c **** /* USER CODE BEGIN TD */
  32:Core/Src/stm32l4xx_it.c **** 
  33:Core/Src/stm32l4xx_it.c **** /* USER CODE END TD */
  34:Core/Src/stm32l4xx_it.c **** 
  35:Core/Src/stm32l4xx_it.c **** /* Private define ------------------------------------------------------------*/
  36:Core/Src/stm32l4xx_it.c **** /* USER CODE BEGIN PD */
  37:Core/Src/stm32l4xx_it.c **** 
  38:Core/Src/stm32l4xx_it.c **** /* USER CODE END PD */
  39:Core/Src/stm32l4xx_it.c **** 
  40:Core/Src/stm32l4xx_it.c **** /* Private macro -------------------------------------------------------------*/
  41:Core/Src/stm32l4xx_it.c **** /* USER CODE BEGIN PM */
  42:Core/Src/stm32l4xx_it.c **** 
  43:Core/Src/stm32l4xx_it.c **** /* USER CODE END PM */
  44:Core/Src/stm32l4xx_it.c **** 
  45:Core/Src/stm32l4xx_it.c **** /* Private variables ---------------------------------------------------------*/
  46:Core/Src/stm32l4xx_it.c **** /* USER CODE BEGIN PV */
  47:Core/Src/stm32l4xx_it.c **** extern char buff[512];
  48:Core/Src/stm32l4xx_it.c **** /* USER CODE END PV */
  49:Core/Src/stm32l4xx_it.c **** 
  50:Core/Src/stm32l4xx_it.c **** /* Private function prototypes -----------------------------------------------*/
  51:Core/Src/stm32l4xx_it.c **** /* USER CODE BEGIN PFP */
  52:Core/Src/stm32l4xx_it.c **** 
  53:Core/Src/stm32l4xx_it.c **** /* USER CODE END PFP */
  54:Core/Src/stm32l4xx_it.c **** 
  55:Core/Src/stm32l4xx_it.c **** /* Private user code ---------------------------------------------------------*/
  56:Core/Src/stm32l4xx_it.c **** /* USER CODE BEGIN 0 */
  57:Core/Src/stm32l4xx_it.c **** 
  58:Core/Src/stm32l4xx_it.c **** /* USER CODE END 0 */
  59:Core/Src/stm32l4xx_it.c **** 
  60:Core/Src/stm32l4xx_it.c **** /* External variables --------------------------------------------------------*/
  61:Core/Src/stm32l4xx_it.c **** extern DMA_HandleTypeDef hdma_usart1_rx;
  62:Core/Src/stm32l4xx_it.c **** extern DMA_HandleTypeDef hdma_usart1_tx;
  63:Core/Src/stm32l4xx_it.c **** extern UART_HandleTypeDef huart1;
  64:Core/Src/stm32l4xx_it.c **** /* USER CODE BEGIN EV */
  65:Core/Src/stm32l4xx_it.c **** 
  66:Core/Src/stm32l4xx_it.c **** /* USER CODE END EV */
  67:Core/Src/stm32l4xx_it.c **** 
  68:Core/Src/stm32l4xx_it.c **** /******************************************************************************/
  69:Core/Src/stm32l4xx_it.c **** /*           Cortex-M4 Processor Interruption and Exception Handlers          */
  70:Core/Src/stm32l4xx_it.c **** /******************************************************************************/
  71:Core/Src/stm32l4xx_it.c **** /**
  72:Core/Src/stm32l4xx_it.c ****   * @brief This function handles Non maskable interrupt.
  73:Core/Src/stm32l4xx_it.c ****   */
  74:Core/Src/stm32l4xx_it.c **** void NMI_Handler(void)
  75:Core/Src/stm32l4xx_it.c **** {
  29              		.loc 1 75 1 view -0
  30              		.cfi_startproc
  31              		@ Volatile: function does not return.
  32              		@ args = 0, pretend = 0, frame = 0
  33              		@ frame_needed = 0, uses_anonymous_args = 0
  34              		@ link register save eliminated.
  35              	.L2:
  76:Core/Src/stm32l4xx_it.c ****   /* USER CODE BEGIN NonMaskableInt_IRQn 0 */
  77:Core/Src/stm32l4xx_it.c **** 
  78:Core/Src/stm32l4xx_it.c ****   /* USER CODE END NonMaskableInt_IRQn 0 */
  79:Core/Src/stm32l4xx_it.c ****   /* USER CODE BEGIN NonMaskableInt_IRQn 1 */
  80:Core/Src/stm32l4xx_it.c ****   while (1)
ARM GAS  C:\Users\Michael\AppData\Local\Temp\ccWSKgoU.s 			page 3


  36              		.loc 1 80 3 discriminator 1 view .LVU1
  81:Core/Src/stm32l4xx_it.c ****   {
  82:Core/Src/stm32l4xx_it.c ****   }
  37              		.loc 1 82 3 discriminator 1 view .LVU2
  80:Core/Src/stm32l4xx_it.c ****   {
  38              		.loc 1 80 9 discriminator 1 view .LVU3
  39 0000 FEE7     		b	.L2
  40              		.cfi_endproc
  41              	.LFE135:
  43              		.section	.text.HardFault_Handler,"ax",%progbits
  44              		.align	1
  45              		.global	HardFault_Handler
  46              		.syntax unified
  47              		.thumb
  48              		.thumb_func
  49              		.fpu fpv4-sp-d16
  51              	HardFault_Handler:
  52              	.LFB136:
  83:Core/Src/stm32l4xx_it.c ****   /* USER CODE END NonMaskableInt_IRQn 1 */
  84:Core/Src/stm32l4xx_it.c **** }
  85:Core/Src/stm32l4xx_it.c **** 
  86:Core/Src/stm32l4xx_it.c **** /**
  87:Core/Src/stm32l4xx_it.c ****   * @brief This function handles Hard fault interrupt.
  88:Core/Src/stm32l4xx_it.c ****   */
  89:Core/Src/stm32l4xx_it.c **** void HardFault_Handler(void)
  90:Core/Src/stm32l4xx_it.c **** {
  53              		.loc 1 90 1 view -0
  54              		.cfi_startproc
  55              		@ Volatile: function does not return.
  56              		@ args = 0, pretend = 0, frame = 0
  57              		@ frame_needed = 0, uses_anonymous_args = 0
  58              		@ link register save eliminated.
  59              	.L4:
  91:Core/Src/stm32l4xx_it.c ****   /* USER CODE BEGIN HardFault_IRQn 0 */
  92:Core/Src/stm32l4xx_it.c **** 
  93:Core/Src/stm32l4xx_it.c ****   /* USER CODE END HardFault_IRQn 0 */
  94:Core/Src/stm32l4xx_it.c ****   while (1)
  60              		.loc 1 94 3 discriminator 1 view .LVU5
  95:Core/Src/stm32l4xx_it.c ****   {
  96:Core/Src/stm32l4xx_it.c ****     /* USER CODE BEGIN W1_HardFault_IRQn 0 */
  97:Core/Src/stm32l4xx_it.c ****     /* USER CODE END W1_HardFault_IRQn 0 */
  98:Core/Src/stm32l4xx_it.c ****   }
  61              		.loc 1 98 3 discriminator 1 view .LVU6
  94:Core/Src/stm32l4xx_it.c ****   {
  62              		.loc 1 94 9 discriminator 1 view .LVU7
  63 0000 FEE7     		b	.L4
  64              		.cfi_endproc
  65              	.LFE136:
  67              		.section	.text.MemManage_Handler,"ax",%progbits
  68              		.align	1
  69              		.global	MemManage_Handler
  70              		.syntax unified
  71              		.thumb
  72              		.thumb_func
  73              		.fpu fpv4-sp-d16
  75              	MemManage_Handler:
  76              	.LFB137:
ARM GAS  C:\Users\Michael\AppData\Local\Temp\ccWSKgoU.s 			page 4


  99:Core/Src/stm32l4xx_it.c **** }
 100:Core/Src/stm32l4xx_it.c **** 
 101:Core/Src/stm32l4xx_it.c **** /**
 102:Core/Src/stm32l4xx_it.c ****   * @brief This function handles Memory management fault.
 103:Core/Src/stm32l4xx_it.c ****   */
 104:Core/Src/stm32l4xx_it.c **** void MemManage_Handler(void)
 105:Core/Src/stm32l4xx_it.c **** {
  77              		.loc 1 105 1 view -0
  78              		.cfi_startproc
  79              		@ Volatile: function does not return.
  80              		@ args = 0, pretend = 0, frame = 0
  81              		@ frame_needed = 0, uses_anonymous_args = 0
  82              		@ link register save eliminated.
  83              	.L6:
 106:Core/Src/stm32l4xx_it.c ****   /* USER CODE BEGIN MemoryManagement_IRQn 0 */
 107:Core/Src/stm32l4xx_it.c **** 
 108:Core/Src/stm32l4xx_it.c ****   /* USER CODE END MemoryManagement_IRQn 0 */
 109:Core/Src/stm32l4xx_it.c ****   while (1)
  84              		.loc 1 109 3 discriminator 1 view .LVU9
 110:Core/Src/stm32l4xx_it.c ****   {
 111:Core/Src/stm32l4xx_it.c ****     /* USER CODE BEGIN W1_MemoryManagement_IRQn 0 */
 112:Core/Src/stm32l4xx_it.c ****     /* USER CODE END W1_MemoryManagement_IRQn 0 */
 113:Core/Src/stm32l4xx_it.c ****   }
  85              		.loc 1 113 3 discriminator 1 view .LVU10
 109:Core/Src/stm32l4xx_it.c ****   {
  86              		.loc 1 109 9 discriminator 1 view .LVU11
  87 0000 FEE7     		b	.L6
  88              		.cfi_endproc
  89              	.LFE137:
  91              		.section	.text.BusFault_Handler,"ax",%progbits
  92              		.align	1
  93              		.global	BusFault_Handler
  94              		.syntax unified
  95              		.thumb
  96              		.thumb_func
  97              		.fpu fpv4-sp-d16
  99              	BusFault_Handler:
 100              	.LFB138:
 114:Core/Src/stm32l4xx_it.c **** }
 115:Core/Src/stm32l4xx_it.c **** 
 116:Core/Src/stm32l4xx_it.c **** /**
 117:Core/Src/stm32l4xx_it.c ****   * @brief This function handles Prefetch fault, memory access fault.
 118:Core/Src/stm32l4xx_it.c ****   */
 119:Core/Src/stm32l4xx_it.c **** void BusFault_Handler(void)
 120:Core/Src/stm32l4xx_it.c **** {
 101              		.loc 1 120 1 view -0
 102              		.cfi_startproc
 103              		@ Volatile: function does not return.
 104              		@ args = 0, pretend = 0, frame = 0
 105              		@ frame_needed = 0, uses_anonymous_args = 0
 106              		@ link register save eliminated.
 107              	.L8:
 121:Core/Src/stm32l4xx_it.c ****   /* USER CODE BEGIN BusFault_IRQn 0 */
 122:Core/Src/stm32l4xx_it.c **** 
 123:Core/Src/stm32l4xx_it.c ****   /* USER CODE END BusFault_IRQn 0 */
 124:Core/Src/stm32l4xx_it.c ****   while (1)
 108              		.loc 1 124 3 discriminator 1 view .LVU13
ARM GAS  C:\Users\Michael\AppData\Local\Temp\ccWSKgoU.s 			page 5


 125:Core/Src/stm32l4xx_it.c ****   {
 126:Core/Src/stm32l4xx_it.c ****     /* USER CODE BEGIN W1_BusFault_IRQn 0 */
 127:Core/Src/stm32l4xx_it.c ****     /* USER CODE END W1_BusFault_IRQn 0 */
 128:Core/Src/stm32l4xx_it.c ****   }
 109              		.loc 1 128 3 discriminator 1 view .LVU14
 124:Core/Src/stm32l4xx_it.c ****   {
 110              		.loc 1 124 9 discriminator 1 view .LVU15
 111 0000 FEE7     		b	.L8
 112              		.cfi_endproc
 113              	.LFE138:
 115              		.section	.text.UsageFault_Handler,"ax",%progbits
 116              		.align	1
 117              		.global	UsageFault_Handler
 118              		.syntax unified
 119              		.thumb
 120              		.thumb_func
 121              		.fpu fpv4-sp-d16
 123              	UsageFault_Handler:
 124              	.LFB139:
 129:Core/Src/stm32l4xx_it.c **** }
 130:Core/Src/stm32l4xx_it.c **** 
 131:Core/Src/stm32l4xx_it.c **** /**
 132:Core/Src/stm32l4xx_it.c ****   * @brief This function handles Undefined instruction or illegal state.
 133:Core/Src/stm32l4xx_it.c ****   */
 134:Core/Src/stm32l4xx_it.c **** void UsageFault_Handler(void)
 135:Core/Src/stm32l4xx_it.c **** {
 125              		.loc 1 135 1 view -0
 126              		.cfi_startproc
 127              		@ Volatile: function does not return.
 128              		@ args = 0, pretend = 0, frame = 0
 129              		@ frame_needed = 0, uses_anonymous_args = 0
 130              		@ link register save eliminated.
 131              	.L10:
 136:Core/Src/stm32l4xx_it.c ****   /* USER CODE BEGIN UsageFault_IRQn 0 */
 137:Core/Src/stm32l4xx_it.c **** 
 138:Core/Src/stm32l4xx_it.c ****   /* USER CODE END UsageFault_IRQn 0 */
 139:Core/Src/stm32l4xx_it.c ****   while (1)
 132              		.loc 1 139 3 discriminator 1 view .LVU17
 140:Core/Src/stm32l4xx_it.c ****   {
 141:Core/Src/stm32l4xx_it.c ****     /* USER CODE BEGIN W1_UsageFault_IRQn 0 */
 142:Core/Src/stm32l4xx_it.c ****     /* USER CODE END W1_UsageFault_IRQn 0 */
 143:Core/Src/stm32l4xx_it.c ****   }
 133              		.loc 1 143 3 discriminator 1 view .LVU18
 139:Core/Src/stm32l4xx_it.c ****   {
 134              		.loc 1 139 9 discriminator 1 view .LVU19
 135 0000 FEE7     		b	.L10
 136              		.cfi_endproc
 137              	.LFE139:
 139              		.section	.text.SVC_Handler,"ax",%progbits
 140              		.align	1
 141              		.global	SVC_Handler
 142              		.syntax unified
 143              		.thumb
 144              		.thumb_func
 145              		.fpu fpv4-sp-d16
 147              	SVC_Handler:
 148              	.LFB140:
ARM GAS  C:\Users\Michael\AppData\Local\Temp\ccWSKgoU.s 			page 6


 144:Core/Src/stm32l4xx_it.c **** }
 145:Core/Src/stm32l4xx_it.c **** 
 146:Core/Src/stm32l4xx_it.c **** /**
 147:Core/Src/stm32l4xx_it.c ****   * @brief This function handles System service call via SWI instruction.
 148:Core/Src/stm32l4xx_it.c ****   */
 149:Core/Src/stm32l4xx_it.c **** void SVC_Handler(void)
 150:Core/Src/stm32l4xx_it.c **** {
 149              		.loc 1 150 1 view -0
 150              		.cfi_startproc
 151              		@ args = 0, pretend = 0, frame = 0
 152              		@ frame_needed = 0, uses_anonymous_args = 0
 153              		@ link register save eliminated.
 151:Core/Src/stm32l4xx_it.c ****   /* USER CODE BEGIN SVCall_IRQn 0 */
 152:Core/Src/stm32l4xx_it.c **** 
 153:Core/Src/stm32l4xx_it.c ****   /* USER CODE END SVCall_IRQn 0 */
 154:Core/Src/stm32l4xx_it.c ****   /* USER CODE BEGIN SVCall_IRQn 1 */
 155:Core/Src/stm32l4xx_it.c **** 
 156:Core/Src/stm32l4xx_it.c ****   /* USER CODE END SVCall_IRQn 1 */
 157:Core/Src/stm32l4xx_it.c **** }
 154              		.loc 1 157 1 view .LVU21
 155 0000 7047     		bx	lr
 156              		.cfi_endproc
 157              	.LFE140:
 159              		.section	.text.DebugMon_Handler,"ax",%progbits
 160              		.align	1
 161              		.global	DebugMon_Handler
 162              		.syntax unified
 163              		.thumb
 164              		.thumb_func
 165              		.fpu fpv4-sp-d16
 167              	DebugMon_Handler:
 168              	.LFB141:
 158:Core/Src/stm32l4xx_it.c **** 
 159:Core/Src/stm32l4xx_it.c **** /**
 160:Core/Src/stm32l4xx_it.c ****   * @brief This function handles Debug monitor.
 161:Core/Src/stm32l4xx_it.c ****   */
 162:Core/Src/stm32l4xx_it.c **** void DebugMon_Handler(void)
 163:Core/Src/stm32l4xx_it.c **** {
 169              		.loc 1 163 1 view -0
 170              		.cfi_startproc
 171              		@ args = 0, pretend = 0, frame = 0
 172              		@ frame_needed = 0, uses_anonymous_args = 0
 173              		@ link register save eliminated.
 164:Core/Src/stm32l4xx_it.c ****   /* USER CODE BEGIN DebugMonitor_IRQn 0 */
 165:Core/Src/stm32l4xx_it.c **** 
 166:Core/Src/stm32l4xx_it.c ****   /* USER CODE END DebugMonitor_IRQn 0 */
 167:Core/Src/stm32l4xx_it.c ****   /* USER CODE BEGIN DebugMonitor_IRQn 1 */
 168:Core/Src/stm32l4xx_it.c **** 
 169:Core/Src/stm32l4xx_it.c ****   /* USER CODE END DebugMonitor_IRQn 1 */
 170:Core/Src/stm32l4xx_it.c **** }
 174              		.loc 1 170 1 view .LVU23
 175 0000 7047     		bx	lr
 176              		.cfi_endproc
 177              	.LFE141:
 179              		.section	.text.PendSV_Handler,"ax",%progbits
 180              		.align	1
 181              		.global	PendSV_Handler
ARM GAS  C:\Users\Michael\AppData\Local\Temp\ccWSKgoU.s 			page 7


 182              		.syntax unified
 183              		.thumb
 184              		.thumb_func
 185              		.fpu fpv4-sp-d16
 187              	PendSV_Handler:
 188              	.LFB142:
 171:Core/Src/stm32l4xx_it.c **** 
 172:Core/Src/stm32l4xx_it.c **** /**
 173:Core/Src/stm32l4xx_it.c ****   * @brief This function handles Pendable request for system service.
 174:Core/Src/stm32l4xx_it.c ****   */
 175:Core/Src/stm32l4xx_it.c **** void PendSV_Handler(void)
 176:Core/Src/stm32l4xx_it.c **** {
 189              		.loc 1 176 1 view -0
 190              		.cfi_startproc
 191              		@ args = 0, pretend = 0, frame = 0
 192              		@ frame_needed = 0, uses_anonymous_args = 0
 193              		@ link register save eliminated.
 177:Core/Src/stm32l4xx_it.c ****   /* USER CODE BEGIN PendSV_IRQn 0 */
 178:Core/Src/stm32l4xx_it.c **** 
 179:Core/Src/stm32l4xx_it.c ****   /* USER CODE END PendSV_IRQn 0 */
 180:Core/Src/stm32l4xx_it.c ****   /* USER CODE BEGIN PendSV_IRQn 1 */
 181:Core/Src/stm32l4xx_it.c **** 
 182:Core/Src/stm32l4xx_it.c ****   /* USER CODE END PendSV_IRQn 1 */
 183:Core/Src/stm32l4xx_it.c **** }
 194              		.loc 1 183 1 view .LVU25
 195 0000 7047     		bx	lr
 196              		.cfi_endproc
 197              	.LFE142:
 199              		.section	.text.SysTick_Handler,"ax",%progbits
 200              		.align	1
 201              		.global	SysTick_Handler
 202              		.syntax unified
 203              		.thumb
 204              		.thumb_func
 205              		.fpu fpv4-sp-d16
 207              	SysTick_Handler:
 208              	.LFB143:
 184:Core/Src/stm32l4xx_it.c **** 
 185:Core/Src/stm32l4xx_it.c **** /**
 186:Core/Src/stm32l4xx_it.c ****   * @brief This function handles System tick timer.
 187:Core/Src/stm32l4xx_it.c ****   */
 188:Core/Src/stm32l4xx_it.c **** void SysTick_Handler(void)
 189:Core/Src/stm32l4xx_it.c **** {
 209              		.loc 1 189 1 view -0
 210              		.cfi_startproc
 211              		@ args = 0, pretend = 0, frame = 0
 212              		@ frame_needed = 0, uses_anonymous_args = 0
 213 0000 08B5     		push	{r3, lr}
 214              	.LCFI0:
 215              		.cfi_def_cfa_offset 8
 216              		.cfi_offset 3, -8
 217              		.cfi_offset 14, -4
 190:Core/Src/stm32l4xx_it.c ****   /* USER CODE BEGIN SysTick_IRQn 0 */
 191:Core/Src/stm32l4xx_it.c **** 
 192:Core/Src/stm32l4xx_it.c ****   /* USER CODE END SysTick_IRQn 0 */
 193:Core/Src/stm32l4xx_it.c ****   HAL_IncTick();
 218              		.loc 1 193 3 view .LVU27
ARM GAS  C:\Users\Michael\AppData\Local\Temp\ccWSKgoU.s 			page 8


 219 0002 FFF7FEFF 		bl	HAL_IncTick
 220              	.LVL0:
 194:Core/Src/stm32l4xx_it.c ****   /* USER CODE BEGIN SysTick_IRQn 1 */
 195:Core/Src/stm32l4xx_it.c **** 
 196:Core/Src/stm32l4xx_it.c ****   /* USER CODE END SysTick_IRQn 1 */
 197:Core/Src/stm32l4xx_it.c **** }
 221              		.loc 1 197 1 is_stmt 0 view .LVU28
 222 0006 08BD     		pop	{r3, pc}
 223              		.cfi_endproc
 224              	.LFE143:
 226              		.section	.text.DMA1_Channel4_IRQHandler,"ax",%progbits
 227              		.align	1
 228              		.global	DMA1_Channel4_IRQHandler
 229              		.syntax unified
 230              		.thumb
 231              		.thumb_func
 232              		.fpu fpv4-sp-d16
 234              	DMA1_Channel4_IRQHandler:
 235              	.LFB144:
 198:Core/Src/stm32l4xx_it.c **** 
 199:Core/Src/stm32l4xx_it.c **** /******************************************************************************/
 200:Core/Src/stm32l4xx_it.c **** /* STM32L4xx Peripheral Interrupt Handlers                                    */
 201:Core/Src/stm32l4xx_it.c **** /* Add here the Interrupt Handlers for the used peripherals.                  */
 202:Core/Src/stm32l4xx_it.c **** /* For the available peripheral interrupt handler names,                      */
 203:Core/Src/stm32l4xx_it.c **** /* please refer to the startup file (startup_stm32l4xx.s).                    */
 204:Core/Src/stm32l4xx_it.c **** /******************************************************************************/
 205:Core/Src/stm32l4xx_it.c **** 
 206:Core/Src/stm32l4xx_it.c **** /**
 207:Core/Src/stm32l4xx_it.c ****   * @brief This function handles DMA1 channel4 global interrupt.
 208:Core/Src/stm32l4xx_it.c ****   */
 209:Core/Src/stm32l4xx_it.c **** void DMA1_Channel4_IRQHandler(void)
 210:Core/Src/stm32l4xx_it.c **** {
 236              		.loc 1 210 1 is_stmt 1 view -0
 237              		.cfi_startproc
 238              		@ args = 0, pretend = 0, frame = 0
 239              		@ frame_needed = 0, uses_anonymous_args = 0
 240 0000 08B5     		push	{r3, lr}
 241              	.LCFI1:
 242              		.cfi_def_cfa_offset 8
 243              		.cfi_offset 3, -8
 244              		.cfi_offset 14, -4
 211:Core/Src/stm32l4xx_it.c ****   /* USER CODE BEGIN DMA1_Channel4_IRQn 0 */
 212:Core/Src/stm32l4xx_it.c **** 
 213:Core/Src/stm32l4xx_it.c ****   /* USER CODE END DMA1_Channel4_IRQn 0 */
 214:Core/Src/stm32l4xx_it.c ****   HAL_DMA_IRQHandler(&hdma_usart1_tx);
 245              		.loc 1 214 3 view .LVU30
 246 0002 0248     		ldr	r0, .L18
 247 0004 FFF7FEFF 		bl	HAL_DMA_IRQHandler
 248              	.LVL1:
 215:Core/Src/stm32l4xx_it.c ****   /* USER CODE BEGIN DMA1_Channel4_IRQn 1 */
 216:Core/Src/stm32l4xx_it.c **** 
 217:Core/Src/stm32l4xx_it.c ****   /* USER CODE END DMA1_Channel4_IRQn 1 */
 218:Core/Src/stm32l4xx_it.c **** }
 249              		.loc 1 218 1 is_stmt 0 view .LVU31
 250 0008 08BD     		pop	{r3, pc}
 251              	.L19:
 252 000a 00BF     		.align	2
ARM GAS  C:\Users\Michael\AppData\Local\Temp\ccWSKgoU.s 			page 9


 253              	.L18:
 254 000c 00000000 		.word	hdma_usart1_tx
 255              		.cfi_endproc
 256              	.LFE144:
 258              		.section	.text.DMA1_Channel5_IRQHandler,"ax",%progbits
 259              		.align	1
 260              		.global	DMA1_Channel5_IRQHandler
 261              		.syntax unified
 262              		.thumb
 263              		.thumb_func
 264              		.fpu fpv4-sp-d16
 266              	DMA1_Channel5_IRQHandler:
 267              	.LFB145:
 219:Core/Src/stm32l4xx_it.c **** 
 220:Core/Src/stm32l4xx_it.c **** /**
 221:Core/Src/stm32l4xx_it.c ****   * @brief This function handles DMA1 channel5 global interrupt.
 222:Core/Src/stm32l4xx_it.c ****   */
 223:Core/Src/stm32l4xx_it.c **** void DMA1_Channel5_IRQHandler(void)
 224:Core/Src/stm32l4xx_it.c **** {
 268              		.loc 1 224 1 is_stmt 1 view -0
 269              		.cfi_startproc
 270              		@ args = 0, pretend = 0, frame = 0
 271              		@ frame_needed = 0, uses_anonymous_args = 0
 272 0000 10B5     		push	{r4, lr}
 273              	.LCFI2:
 274              		.cfi_def_cfa_offset 8
 275              		.cfi_offset 4, -8
 276              		.cfi_offset 14, -4
 225:Core/Src/stm32l4xx_it.c ****   /* USER CODE BEGIN DMA1_Channel5_IRQn 0 */
 226:Core/Src/stm32l4xx_it.c **** 
 227:Core/Src/stm32l4xx_it.c ****   /* USER CODE END DMA1_Channel5_IRQn 0 */
 228:Core/Src/stm32l4xx_it.c ****   HAL_DMA_IRQHandler(&hdma_usart1_rx);
 277              		.loc 1 228 3 view .LVU33
 278 0002 0748     		ldr	r0, .L22
 279 0004 FFF7FEFF 		bl	HAL_DMA_IRQHandler
 280              	.LVL2:
 229:Core/Src/stm32l4xx_it.c ****   /* USER CODE BEGIN DMA1_Channel5_IRQn 1 */
 230:Core/Src/stm32l4xx_it.c ****   SEGGER_RTT_printf(0,buff);
 281              		.loc 1 230 3 view .LVU34
 282 0008 064C     		ldr	r4, .L22+4
 283 000a 2146     		mov	r1, r4
 284 000c 0020     		movs	r0, #0
 285 000e FFF7FEFF 		bl	SEGGER_RTT_printf
 286              	.LVL3:
 231:Core/Src/stm32l4xx_it.c ****   HAL_UART_Receive_DMA(&huart1, buff, sizeof(buff));
 287              		.loc 1 231 3 view .LVU35
 288 0012 4FF40072 		mov	r2, #512
 289 0016 2146     		mov	r1, r4
 290 0018 0348     		ldr	r0, .L22+8
 291 001a FFF7FEFF 		bl	HAL_UART_Receive_DMA
 292              	.LVL4:
 232:Core/Src/stm32l4xx_it.c ****   /* USER CODE END DMA1_Channel5_IRQn 1 */
 233:Core/Src/stm32l4xx_it.c **** }
 293              		.loc 1 233 1 is_stmt 0 view .LVU36
 294 001e 10BD     		pop	{r4, pc}
 295              	.L23:
 296              		.align	2
ARM GAS  C:\Users\Michael\AppData\Local\Temp\ccWSKgoU.s 			page 10


 297              	.L22:
 298 0020 00000000 		.word	hdma_usart1_rx
 299 0024 00000000 		.word	buff
 300 0028 00000000 		.word	huart1
 301              		.cfi_endproc
 302              	.LFE145:
 304              		.section	.text.USART1_IRQHandler,"ax",%progbits
 305              		.align	1
 306              		.global	USART1_IRQHandler
 307              		.syntax unified
 308              		.thumb
 309              		.thumb_func
 310              		.fpu fpv4-sp-d16
 312              	USART1_IRQHandler:
 313              	.LFB146:
 234:Core/Src/stm32l4xx_it.c **** 
 235:Core/Src/stm32l4xx_it.c **** /**
 236:Core/Src/stm32l4xx_it.c ****   * @brief This function handles USART1 global interrupt.
 237:Core/Src/stm32l4xx_it.c ****   */
 238:Core/Src/stm32l4xx_it.c **** void USART1_IRQHandler(void)
 239:Core/Src/stm32l4xx_it.c **** {
 314              		.loc 1 239 1 is_stmt 1 view -0
 315              		.cfi_startproc
 316              		@ args = 0, pretend = 0, frame = 0
 317              		@ frame_needed = 0, uses_anonymous_args = 0
 318 0000 08B5     		push	{r3, lr}
 319              	.LCFI3:
 320              		.cfi_def_cfa_offset 8
 321              		.cfi_offset 3, -8
 322              		.cfi_offset 14, -4
 240:Core/Src/stm32l4xx_it.c ****   /* USER CODE BEGIN USART1_IRQn 0 */
 241:Core/Src/stm32l4xx_it.c **** 
 242:Core/Src/stm32l4xx_it.c ****   /* USER CODE END USART1_IRQn 0 */
 243:Core/Src/stm32l4xx_it.c ****   HAL_UART_IRQHandler(&huart1);
 323              		.loc 1 243 3 view .LVU38
 324 0002 0248     		ldr	r0, .L26
 325 0004 FFF7FEFF 		bl	HAL_UART_IRQHandler
 326              	.LVL5:
 244:Core/Src/stm32l4xx_it.c ****   /* USER CODE BEGIN USART1_IRQn 1 */
 245:Core/Src/stm32l4xx_it.c **** 
 246:Core/Src/stm32l4xx_it.c ****   /* USER CODE END USART1_IRQn 1 */
 247:Core/Src/stm32l4xx_it.c **** }
 327              		.loc 1 247 1 is_stmt 0 view .LVU39
 328 0008 08BD     		pop	{r3, pc}
 329              	.L27:
 330 000a 00BF     		.align	2
 331              	.L26:
 332 000c 00000000 		.word	huart1
 333              		.cfi_endproc
 334              	.LFE146:
 336              		.text
 337              	.Letext0:
 338              		.file 2 "c:\\programdata\\chocolatey\\lib\\gcc-arm-embedded\\tools\\gcc-arm-none-eabi-10-2020-q4-m
 339              		.file 3 "c:\\programdata\\chocolatey\\lib\\gcc-arm-embedded\\tools\\gcc-arm-none-eabi-10-2020-q4-m
 340              		.file 4 "Drivers/CMSIS/Device/ST/STM32L4xx/Include/stm32l432xx.h"
 341              		.file 5 "Drivers/STM32L4xx_HAL_Driver/Inc/stm32l4xx_hal_def.h"
 342              		.file 6 "Drivers/STM32L4xx_HAL_Driver/Inc/stm32l4xx_hal_dma.h"
ARM GAS  C:\Users\Michael\AppData\Local\Temp\ccWSKgoU.s 			page 11


 343              		.file 7 "Drivers/STM32L4xx_HAL_Driver/Inc/stm32l4xx_hal_uart.h"
 344              		.file 8 "Core/Src/SEGGER_RTT.h"
 345              		.file 9 "Drivers/STM32L4xx_HAL_Driver/Inc/stm32l4xx_hal.h"
ARM GAS  C:\Users\Michael\AppData\Local\Temp\ccWSKgoU.s 			page 12


DEFINED SYMBOLS
                            *ABS*:00000000 stm32l4xx_it.c
C:\Users\Michael\AppData\Local\Temp\ccWSKgoU.s:18     .text.NMI_Handler:00000000 $t
C:\Users\Michael\AppData\Local\Temp\ccWSKgoU.s:26     .text.NMI_Handler:00000000 NMI_Handler
C:\Users\Michael\AppData\Local\Temp\ccWSKgoU.s:44     .text.HardFault_Handler:00000000 $t
C:\Users\Michael\AppData\Local\Temp\ccWSKgoU.s:51     .text.HardFault_Handler:00000000 HardFault_Handler
C:\Users\Michael\AppData\Local\Temp\ccWSKgoU.s:68     .text.MemManage_Handler:00000000 $t
C:\Users\Michael\AppData\Local\Temp\ccWSKgoU.s:75     .text.MemManage_Handler:00000000 MemManage_Handler
C:\Users\Michael\AppData\Local\Temp\ccWSKgoU.s:92     .text.BusFault_Handler:00000000 $t
C:\Users\Michael\AppData\Local\Temp\ccWSKgoU.s:99     .text.BusFault_Handler:00000000 BusFault_Handler
C:\Users\Michael\AppData\Local\Temp\ccWSKgoU.s:116    .text.UsageFault_Handler:00000000 $t
C:\Users\Michael\AppData\Local\Temp\ccWSKgoU.s:123    .text.UsageFault_Handler:00000000 UsageFault_Handler
C:\Users\Michael\AppData\Local\Temp\ccWSKgoU.s:140    .text.SVC_Handler:00000000 $t
C:\Users\Michael\AppData\Local\Temp\ccWSKgoU.s:147    .text.SVC_Handler:00000000 SVC_Handler
C:\Users\Michael\AppData\Local\Temp\ccWSKgoU.s:160    .text.DebugMon_Handler:00000000 $t
C:\Users\Michael\AppData\Local\Temp\ccWSKgoU.s:167    .text.DebugMon_Handler:00000000 DebugMon_Handler
C:\Users\Michael\AppData\Local\Temp\ccWSKgoU.s:180    .text.PendSV_Handler:00000000 $t
C:\Users\Michael\AppData\Local\Temp\ccWSKgoU.s:187    .text.PendSV_Handler:00000000 PendSV_Handler
C:\Users\Michael\AppData\Local\Temp\ccWSKgoU.s:200    .text.SysTick_Handler:00000000 $t
C:\Users\Michael\AppData\Local\Temp\ccWSKgoU.s:207    .text.SysTick_Handler:00000000 SysTick_Handler
C:\Users\Michael\AppData\Local\Temp\ccWSKgoU.s:227    .text.DMA1_Channel4_IRQHandler:00000000 $t
C:\Users\Michael\AppData\Local\Temp\ccWSKgoU.s:234    .text.DMA1_Channel4_IRQHandler:00000000 DMA1_Channel4_IRQHandler
C:\Users\Michael\AppData\Local\Temp\ccWSKgoU.s:254    .text.DMA1_Channel4_IRQHandler:0000000c $d
C:\Users\Michael\AppData\Local\Temp\ccWSKgoU.s:259    .text.DMA1_Channel5_IRQHandler:00000000 $t
C:\Users\Michael\AppData\Local\Temp\ccWSKgoU.s:266    .text.DMA1_Channel5_IRQHandler:00000000 DMA1_Channel5_IRQHandler
C:\Users\Michael\AppData\Local\Temp\ccWSKgoU.s:298    .text.DMA1_Channel5_IRQHandler:00000020 $d
C:\Users\Michael\AppData\Local\Temp\ccWSKgoU.s:305    .text.USART1_IRQHandler:00000000 $t
C:\Users\Michael\AppData\Local\Temp\ccWSKgoU.s:312    .text.USART1_IRQHandler:00000000 USART1_IRQHandler
C:\Users\Michael\AppData\Local\Temp\ccWSKgoU.s:332    .text.USART1_IRQHandler:0000000c $d

UNDEFINED SYMBOLS
HAL_IncTick
HAL_DMA_IRQHandler
hdma_usart1_tx
SEGGER_RTT_printf
HAL_UART_Receive_DMA
hdma_usart1_rx
buff
huart1
HAL_UART_IRQHandler
