ARM GAS  C:\Users\Michael\AppData\Local\Temp\ccqicAPf.s 			page 1


   1              		.cpu cortex-m4
   2              		.eabi_attribute 27, 1
   3              		.eabi_attribute 28, 1
   4              		.eabi_attribute 20, 1
   5              		.eabi_attribute 21, 1
   6              		.eabi_attribute 23, 3
   7              		.eabi_attribute 24, 1
   8              		.eabi_attribute 25, 1
   9              		.eabi_attribute 26, 1
  10              		.eabi_attribute 30, 1
  11              		.eabi_attribute 34, 1
  12              		.eabi_attribute 18, 4
  13              		.file	"usart.c"
  14              		.text
  15              	.Ltext0:
  16              		.cfi_sections	.debug_frame
  17              		.section	.text.MX_USART1_UART_Init,"ax",%progbits
  18              		.align	1
  19              		.global	MX_USART1_UART_Init
  20              		.arch armv7e-m
  21              		.syntax unified
  22              		.thumb
  23              		.thumb_func
  24              		.fpu fpv4-sp-d16
  26              	MX_USART1_UART_Init:
  27              	.LFB132:
  28              		.file 1 "Core/Src/usart.c"
   1:Core/Src/usart.c **** /**
   2:Core/Src/usart.c ****   ******************************************************************************
   3:Core/Src/usart.c ****   * @file    usart.c
   4:Core/Src/usart.c ****   * @brief   This file provides code for the configuration
   5:Core/Src/usart.c ****   *          of the USART instances.
   6:Core/Src/usart.c ****   ******************************************************************************
   7:Core/Src/usart.c ****   * @attention
   8:Core/Src/usart.c ****   *
   9:Core/Src/usart.c ****   * <h2><center>&copy; Copyright (c) 2021 STMicroelectronics.
  10:Core/Src/usart.c ****   * All rights reserved.</center></h2>
  11:Core/Src/usart.c ****   *
  12:Core/Src/usart.c ****   * This software component is licensed by ST under BSD 3-Clause license,
  13:Core/Src/usart.c ****   * the "License"; You may not use this file except in compliance with the
  14:Core/Src/usart.c ****   * License. You may obtain a copy of the License at:
  15:Core/Src/usart.c ****   *                        opensource.org/licenses/BSD-3-Clause
  16:Core/Src/usart.c ****   *
  17:Core/Src/usart.c ****   ******************************************************************************
  18:Core/Src/usart.c ****   */
  19:Core/Src/usart.c **** 
  20:Core/Src/usart.c **** /* Includes ------------------------------------------------------------------*/
  21:Core/Src/usart.c **** #include "usart.h"
  22:Core/Src/usart.c **** 
  23:Core/Src/usart.c **** /* USER CODE BEGIN 0 */
  24:Core/Src/usart.c **** 
  25:Core/Src/usart.c **** /* USER CODE END 0 */
  26:Core/Src/usart.c **** 
  27:Core/Src/usart.c **** UART_HandleTypeDef huart1;
  28:Core/Src/usart.c **** DMA_HandleTypeDef hdma_usart1_rx;
  29:Core/Src/usart.c **** DMA_HandleTypeDef hdma_usart1_tx;
  30:Core/Src/usart.c **** 
ARM GAS  C:\Users\Michael\AppData\Local\Temp\ccqicAPf.s 			page 2


  31:Core/Src/usart.c **** /* USART1 init function */
  32:Core/Src/usart.c **** 
  33:Core/Src/usart.c **** void MX_USART1_UART_Init(void)
  34:Core/Src/usart.c **** {
  29              		.loc 1 34 1 view -0
  30              		.cfi_startproc
  31              		@ args = 0, pretend = 0, frame = 0
  32              		@ frame_needed = 0, uses_anonymous_args = 0
  33 0000 08B5     		push	{r3, lr}
  34              	.LCFI0:
  35              		.cfi_def_cfa_offset 8
  36              		.cfi_offset 3, -8
  37              		.cfi_offset 14, -4
  35:Core/Src/usart.c **** 
  36:Core/Src/usart.c ****   /* USER CODE BEGIN USART1_Init 0 */
  37:Core/Src/usart.c **** 
  38:Core/Src/usart.c ****   /* USER CODE END USART1_Init 0 */
  39:Core/Src/usart.c **** 
  40:Core/Src/usart.c ****   /* USER CODE BEGIN USART1_Init 1 */
  41:Core/Src/usart.c **** 
  42:Core/Src/usart.c ****   /* USER CODE END USART1_Init 1 */
  43:Core/Src/usart.c ****   huart1.Instance = USART1;
  38              		.loc 1 43 3 view .LVU1
  39              		.loc 1 43 19 is_stmt 0 view .LVU2
  40 0002 0B48     		ldr	r0, .L5
  41 0004 0B4B     		ldr	r3, .L5+4
  42 0006 0360     		str	r3, [r0]
  44:Core/Src/usart.c ****   huart1.Init.BaudRate = 9600;
  43              		.loc 1 44 3 is_stmt 1 view .LVU3
  44              		.loc 1 44 24 is_stmt 0 view .LVU4
  45 0008 4FF41653 		mov	r3, #9600
  46 000c 4360     		str	r3, [r0, #4]
  45:Core/Src/usart.c ****   huart1.Init.WordLength = UART_WORDLENGTH_8B;
  47              		.loc 1 45 3 is_stmt 1 view .LVU5
  48              		.loc 1 45 26 is_stmt 0 view .LVU6
  49 000e 0023     		movs	r3, #0
  50 0010 8360     		str	r3, [r0, #8]
  46:Core/Src/usart.c ****   huart1.Init.StopBits = UART_STOPBITS_1;
  51              		.loc 1 46 3 is_stmt 1 view .LVU7
  52              		.loc 1 46 24 is_stmt 0 view .LVU8
  53 0012 C360     		str	r3, [r0, #12]
  47:Core/Src/usart.c ****   huart1.Init.Parity = UART_PARITY_NONE;
  54              		.loc 1 47 3 is_stmt 1 view .LVU9
  55              		.loc 1 47 22 is_stmt 0 view .LVU10
  56 0014 0361     		str	r3, [r0, #16]
  48:Core/Src/usart.c ****   huart1.Init.Mode = UART_MODE_TX_RX;
  57              		.loc 1 48 3 is_stmt 1 view .LVU11
  58              		.loc 1 48 20 is_stmt 0 view .LVU12
  59 0016 0C22     		movs	r2, #12
  60 0018 4261     		str	r2, [r0, #20]
  49:Core/Src/usart.c ****   huart1.Init.HwFlowCtl = UART_HWCONTROL_NONE;
  61              		.loc 1 49 3 is_stmt 1 view .LVU13
  62              		.loc 1 49 25 is_stmt 0 view .LVU14
  63 001a 8361     		str	r3, [r0, #24]
  50:Core/Src/usart.c ****   huart1.Init.OverSampling = UART_OVERSAMPLING_16;
  64              		.loc 1 50 3 is_stmt 1 view .LVU15
  65              		.loc 1 50 28 is_stmt 0 view .LVU16
ARM GAS  C:\Users\Michael\AppData\Local\Temp\ccqicAPf.s 			page 3


  66 001c C361     		str	r3, [r0, #28]
  51:Core/Src/usart.c ****   huart1.Init.OneBitSampling = UART_ONE_BIT_SAMPLE_DISABLE;
  67              		.loc 1 51 3 is_stmt 1 view .LVU17
  68              		.loc 1 51 30 is_stmt 0 view .LVU18
  69 001e 0362     		str	r3, [r0, #32]
  52:Core/Src/usart.c ****   huart1.AdvancedInit.AdvFeatureInit = UART_ADVFEATURE_NO_INIT;
  70              		.loc 1 52 3 is_stmt 1 view .LVU19
  71              		.loc 1 52 38 is_stmt 0 view .LVU20
  72 0020 4362     		str	r3, [r0, #36]
  53:Core/Src/usart.c ****   if (HAL_UART_Init(&huart1) != HAL_OK)
  73              		.loc 1 53 3 is_stmt 1 view .LVU21
  74              		.loc 1 53 7 is_stmt 0 view .LVU22
  75 0022 FFF7FEFF 		bl	HAL_UART_Init
  76              	.LVL0:
  77              		.loc 1 53 6 view .LVU23
  78 0026 00B9     		cbnz	r0, .L4
  79              	.L1:
  54:Core/Src/usart.c ****   {
  55:Core/Src/usart.c ****     Error_Handler();
  56:Core/Src/usart.c ****   }
  57:Core/Src/usart.c ****   /* USER CODE BEGIN USART1_Init 2 */
  58:Core/Src/usart.c **** 
  59:Core/Src/usart.c ****   /* USER CODE END USART1_Init 2 */
  60:Core/Src/usart.c **** 
  61:Core/Src/usart.c **** }
  80              		.loc 1 61 1 view .LVU24
  81 0028 08BD     		pop	{r3, pc}
  82              	.L4:
  55:Core/Src/usart.c ****   }
  83              		.loc 1 55 5 is_stmt 1 view .LVU25
  84 002a FFF7FEFF 		bl	Error_Handler
  85              	.LVL1:
  86              		.loc 1 61 1 is_stmt 0 view .LVU26
  87 002e FBE7     		b	.L1
  88              	.L6:
  89              		.align	2
  90              	.L5:
  91 0030 00000000 		.word	.LANCHOR0
  92 0034 00380140 		.word	1073821696
  93              		.cfi_endproc
  94              	.LFE132:
  96              		.section	.text.HAL_UART_MspInit,"ax",%progbits
  97              		.align	1
  98              		.global	HAL_UART_MspInit
  99              		.syntax unified
 100              		.thumb
 101              		.thumb_func
 102              		.fpu fpv4-sp-d16
 104              	HAL_UART_MspInit:
 105              	.LVL2:
 106              	.LFB133:
  62:Core/Src/usart.c **** 
  63:Core/Src/usart.c **** void HAL_UART_MspInit(UART_HandleTypeDef* uartHandle)
  64:Core/Src/usart.c **** {
 107              		.loc 1 64 1 is_stmt 1 view -0
 108              		.cfi_startproc
 109              		@ args = 0, pretend = 0, frame = 32
ARM GAS  C:\Users\Michael\AppData\Local\Temp\ccqicAPf.s 			page 4


 110              		@ frame_needed = 0, uses_anonymous_args = 0
 111              		.loc 1 64 1 is_stmt 0 view .LVU28
 112 0000 30B5     		push	{r4, r5, lr}
 113              	.LCFI1:
 114              		.cfi_def_cfa_offset 12
 115              		.cfi_offset 4, -12
 116              		.cfi_offset 5, -8
 117              		.cfi_offset 14, -4
 118 0002 89B0     		sub	sp, sp, #36
 119              	.LCFI2:
 120              		.cfi_def_cfa_offset 48
  65:Core/Src/usart.c **** 
  66:Core/Src/usart.c ****   GPIO_InitTypeDef GPIO_InitStruct = {0};
 121              		.loc 1 66 3 is_stmt 1 view .LVU29
 122              		.loc 1 66 20 is_stmt 0 view .LVU30
 123 0004 0023     		movs	r3, #0
 124 0006 0393     		str	r3, [sp, #12]
 125 0008 0493     		str	r3, [sp, #16]
 126 000a 0593     		str	r3, [sp, #20]
 127 000c 0693     		str	r3, [sp, #24]
 128 000e 0793     		str	r3, [sp, #28]
  67:Core/Src/usart.c ****   if(uartHandle->Instance==USART1)
 129              		.loc 1 67 3 is_stmt 1 view .LVU31
 130              		.loc 1 67 16 is_stmt 0 view .LVU32
 131 0010 0268     		ldr	r2, [r0]
 132              		.loc 1 67 5 view .LVU33
 133 0012 2F4B     		ldr	r3, .L15
 134 0014 9A42     		cmp	r2, r3
 135 0016 01D0     		beq	.L12
 136              	.LVL3:
 137              	.L7:
  68:Core/Src/usart.c ****   {
  69:Core/Src/usart.c ****   /* USER CODE BEGIN USART1_MspInit 0 */
  70:Core/Src/usart.c **** 
  71:Core/Src/usart.c ****   /* USER CODE END USART1_MspInit 0 */
  72:Core/Src/usart.c ****     /* USART1 clock enable */
  73:Core/Src/usart.c ****     __HAL_RCC_USART1_CLK_ENABLE();
  74:Core/Src/usart.c **** 
  75:Core/Src/usart.c ****     __HAL_RCC_GPIOA_CLK_ENABLE();
  76:Core/Src/usart.c ****     /**USART1 GPIO Configuration
  77:Core/Src/usart.c ****     PA9     ------> USART1_TX
  78:Core/Src/usart.c ****     PA10     ------> USART1_RX
  79:Core/Src/usart.c ****     */
  80:Core/Src/usart.c ****     GPIO_InitStruct.Pin = GPS_TX_Pin|GPS_RX_Pin;
  81:Core/Src/usart.c ****     GPIO_InitStruct.Mode = GPIO_MODE_AF_PP;
  82:Core/Src/usart.c ****     GPIO_InitStruct.Pull = GPIO_NOPULL;
  83:Core/Src/usart.c ****     GPIO_InitStruct.Speed = GPIO_SPEED_FREQ_VERY_HIGH;
  84:Core/Src/usart.c ****     GPIO_InitStruct.Alternate = GPIO_AF7_USART1;
  85:Core/Src/usart.c ****     HAL_GPIO_Init(GPIOA, &GPIO_InitStruct);
  86:Core/Src/usart.c **** 
  87:Core/Src/usart.c ****     /* USART1 DMA Init */
  88:Core/Src/usart.c ****     /* USART1_RX Init */
  89:Core/Src/usart.c ****     hdma_usart1_rx.Instance = DMA1_Channel5;
  90:Core/Src/usart.c ****     hdma_usart1_rx.Init.Request = DMA_REQUEST_2;
  91:Core/Src/usart.c ****     hdma_usart1_rx.Init.Direction = DMA_PERIPH_TO_MEMORY;
  92:Core/Src/usart.c ****     hdma_usart1_rx.Init.PeriphInc = DMA_PINC_DISABLE;
  93:Core/Src/usart.c ****     hdma_usart1_rx.Init.MemInc = DMA_MINC_ENABLE;
ARM GAS  C:\Users\Michael\AppData\Local\Temp\ccqicAPf.s 			page 5


  94:Core/Src/usart.c ****     hdma_usart1_rx.Init.PeriphDataAlignment = DMA_PDATAALIGN_BYTE;
  95:Core/Src/usart.c ****     hdma_usart1_rx.Init.MemDataAlignment = DMA_MDATAALIGN_BYTE;
  96:Core/Src/usart.c ****     hdma_usart1_rx.Init.Mode = DMA_NORMAL;
  97:Core/Src/usart.c ****     hdma_usart1_rx.Init.Priority = DMA_PRIORITY_LOW;
  98:Core/Src/usart.c ****     if (HAL_DMA_Init(&hdma_usart1_rx) != HAL_OK)
  99:Core/Src/usart.c ****     {
 100:Core/Src/usart.c ****       Error_Handler();
 101:Core/Src/usart.c ****     }
 102:Core/Src/usart.c **** 
 103:Core/Src/usart.c ****     __HAL_LINKDMA(uartHandle,hdmarx,hdma_usart1_rx);
 104:Core/Src/usart.c **** 
 105:Core/Src/usart.c ****     /* USART1_TX Init */
 106:Core/Src/usart.c ****     hdma_usart1_tx.Instance = DMA1_Channel4;
 107:Core/Src/usart.c ****     hdma_usart1_tx.Init.Request = DMA_REQUEST_2;
 108:Core/Src/usart.c ****     hdma_usart1_tx.Init.Direction = DMA_MEMORY_TO_PERIPH;
 109:Core/Src/usart.c ****     hdma_usart1_tx.Init.PeriphInc = DMA_PINC_DISABLE;
 110:Core/Src/usart.c ****     hdma_usart1_tx.Init.MemInc = DMA_MINC_ENABLE;
 111:Core/Src/usart.c ****     hdma_usart1_tx.Init.PeriphDataAlignment = DMA_PDATAALIGN_BYTE;
 112:Core/Src/usart.c ****     hdma_usart1_tx.Init.MemDataAlignment = DMA_MDATAALIGN_BYTE;
 113:Core/Src/usart.c ****     hdma_usart1_tx.Init.Mode = DMA_NORMAL;
 114:Core/Src/usart.c ****     hdma_usart1_tx.Init.Priority = DMA_PRIORITY_LOW;
 115:Core/Src/usart.c ****     if (HAL_DMA_Init(&hdma_usart1_tx) != HAL_OK)
 116:Core/Src/usart.c ****     {
 117:Core/Src/usart.c ****       Error_Handler();
 118:Core/Src/usart.c ****     }
 119:Core/Src/usart.c **** 
 120:Core/Src/usart.c ****     __HAL_LINKDMA(uartHandle,hdmatx,hdma_usart1_tx);
 121:Core/Src/usart.c **** 
 122:Core/Src/usart.c ****     /* USART1 interrupt Init */
 123:Core/Src/usart.c ****     HAL_NVIC_SetPriority(USART1_IRQn, 0, 0);
 124:Core/Src/usart.c ****     HAL_NVIC_EnableIRQ(USART1_IRQn);
 125:Core/Src/usart.c ****   /* USER CODE BEGIN USART1_MspInit 1 */
 126:Core/Src/usart.c **** 
 127:Core/Src/usart.c ****   /* USER CODE END USART1_MspInit 1 */
 128:Core/Src/usart.c ****   }
 129:Core/Src/usart.c **** }
 138              		.loc 1 129 1 view .LVU34
 139 0018 09B0     		add	sp, sp, #36
 140              	.LCFI3:
 141              		.cfi_remember_state
 142              		.cfi_def_cfa_offset 12
 143              		@ sp needed
 144 001a 30BD     		pop	{r4, r5, pc}
 145              	.LVL4:
 146              	.L12:
 147              	.LCFI4:
 148              		.cfi_restore_state
 149              		.loc 1 129 1 view .LVU35
 150 001c 0446     		mov	r4, r0
  73:Core/Src/usart.c **** 
 151              		.loc 1 73 5 is_stmt 1 view .LVU36
 152              	.LBB2:
  73:Core/Src/usart.c **** 
 153              		.loc 1 73 5 view .LVU37
  73:Core/Src/usart.c **** 
 154              		.loc 1 73 5 view .LVU38
 155 001e 03F55843 		add	r3, r3, #55296
ARM GAS  C:\Users\Michael\AppData\Local\Temp\ccqicAPf.s 			page 6


 156 0022 1A6E     		ldr	r2, [r3, #96]
 157 0024 42F48042 		orr	r2, r2, #16384
 158 0028 1A66     		str	r2, [r3, #96]
  73:Core/Src/usart.c **** 
 159              		.loc 1 73 5 view .LVU39
 160 002a 1A6E     		ldr	r2, [r3, #96]
 161 002c 02F48042 		and	r2, r2, #16384
 162 0030 0192     		str	r2, [sp, #4]
  73:Core/Src/usart.c **** 
 163              		.loc 1 73 5 view .LVU40
 164 0032 019A     		ldr	r2, [sp, #4]
 165              	.LBE2:
  73:Core/Src/usart.c **** 
 166              		.loc 1 73 5 view .LVU41
  75:Core/Src/usart.c ****     /**USART1 GPIO Configuration
 167              		.loc 1 75 5 view .LVU42
 168              	.LBB3:
  75:Core/Src/usart.c ****     /**USART1 GPIO Configuration
 169              		.loc 1 75 5 view .LVU43
  75:Core/Src/usart.c ****     /**USART1 GPIO Configuration
 170              		.loc 1 75 5 view .LVU44
 171 0034 DA6C     		ldr	r2, [r3, #76]
 172 0036 42F00102 		orr	r2, r2, #1
 173 003a DA64     		str	r2, [r3, #76]
  75:Core/Src/usart.c ****     /**USART1 GPIO Configuration
 174              		.loc 1 75 5 view .LVU45
 175 003c DB6C     		ldr	r3, [r3, #76]
 176 003e 03F00103 		and	r3, r3, #1
 177 0042 0293     		str	r3, [sp, #8]
  75:Core/Src/usart.c ****     /**USART1 GPIO Configuration
 178              		.loc 1 75 5 view .LVU46
 179 0044 029B     		ldr	r3, [sp, #8]
 180              	.LBE3:
  75:Core/Src/usart.c ****     /**USART1 GPIO Configuration
 181              		.loc 1 75 5 view .LVU47
  80:Core/Src/usart.c ****     GPIO_InitStruct.Mode = GPIO_MODE_AF_PP;
 182              		.loc 1 80 5 view .LVU48
  80:Core/Src/usart.c ****     GPIO_InitStruct.Mode = GPIO_MODE_AF_PP;
 183              		.loc 1 80 25 is_stmt 0 view .LVU49
 184 0046 4FF4C063 		mov	r3, #1536
 185 004a 0393     		str	r3, [sp, #12]
  81:Core/Src/usart.c ****     GPIO_InitStruct.Pull = GPIO_NOPULL;
 186              		.loc 1 81 5 is_stmt 1 view .LVU50
  81:Core/Src/usart.c ****     GPIO_InitStruct.Pull = GPIO_NOPULL;
 187              		.loc 1 81 26 is_stmt 0 view .LVU51
 188 004c 0225     		movs	r5, #2
 189 004e 0495     		str	r5, [sp, #16]
  82:Core/Src/usart.c ****     GPIO_InitStruct.Speed = GPIO_SPEED_FREQ_VERY_HIGH;
 190              		.loc 1 82 5 is_stmt 1 view .LVU52
  83:Core/Src/usart.c ****     GPIO_InitStruct.Alternate = GPIO_AF7_USART1;
 191              		.loc 1 83 5 view .LVU53
  83:Core/Src/usart.c ****     GPIO_InitStruct.Alternate = GPIO_AF7_USART1;
 192              		.loc 1 83 27 is_stmt 0 view .LVU54
 193 0050 0323     		movs	r3, #3
 194 0052 0693     		str	r3, [sp, #24]
  84:Core/Src/usart.c ****     HAL_GPIO_Init(GPIOA, &GPIO_InitStruct);
 195              		.loc 1 84 5 is_stmt 1 view .LVU55
ARM GAS  C:\Users\Michael\AppData\Local\Temp\ccqicAPf.s 			page 7


  84:Core/Src/usart.c ****     HAL_GPIO_Init(GPIOA, &GPIO_InitStruct);
 196              		.loc 1 84 31 is_stmt 0 view .LVU56
 197 0054 0723     		movs	r3, #7
 198 0056 0793     		str	r3, [sp, #28]
  85:Core/Src/usart.c **** 
 199              		.loc 1 85 5 is_stmt 1 view .LVU57
 200 0058 03A9     		add	r1, sp, #12
 201 005a 4FF09040 		mov	r0, #1207959552
 202              	.LVL5:
  85:Core/Src/usart.c **** 
 203              		.loc 1 85 5 is_stmt 0 view .LVU58
 204 005e FFF7FEFF 		bl	HAL_GPIO_Init
 205              	.LVL6:
  89:Core/Src/usart.c ****     hdma_usart1_rx.Init.Request = DMA_REQUEST_2;
 206              		.loc 1 89 5 is_stmt 1 view .LVU59
  89:Core/Src/usart.c ****     hdma_usart1_rx.Init.Request = DMA_REQUEST_2;
 207              		.loc 1 89 29 is_stmt 0 view .LVU60
 208 0062 1C48     		ldr	r0, .L15+4
 209 0064 1C4B     		ldr	r3, .L15+8
 210 0066 0360     		str	r3, [r0]
  90:Core/Src/usart.c ****     hdma_usart1_rx.Init.Direction = DMA_PERIPH_TO_MEMORY;
 211              		.loc 1 90 5 is_stmt 1 view .LVU61
  90:Core/Src/usart.c ****     hdma_usart1_rx.Init.Direction = DMA_PERIPH_TO_MEMORY;
 212              		.loc 1 90 33 is_stmt 0 view .LVU62
 213 0068 4560     		str	r5, [r0, #4]
  91:Core/Src/usart.c ****     hdma_usart1_rx.Init.PeriphInc = DMA_PINC_DISABLE;
 214              		.loc 1 91 5 is_stmt 1 view .LVU63
  91:Core/Src/usart.c ****     hdma_usart1_rx.Init.PeriphInc = DMA_PINC_DISABLE;
 215              		.loc 1 91 35 is_stmt 0 view .LVU64
 216 006a 0023     		movs	r3, #0
 217 006c 8360     		str	r3, [r0, #8]
  92:Core/Src/usart.c ****     hdma_usart1_rx.Init.MemInc = DMA_MINC_ENABLE;
 218              		.loc 1 92 5 is_stmt 1 view .LVU65
  92:Core/Src/usart.c ****     hdma_usart1_rx.Init.MemInc = DMA_MINC_ENABLE;
 219              		.loc 1 92 35 is_stmt 0 view .LVU66
 220 006e C360     		str	r3, [r0, #12]
  93:Core/Src/usart.c ****     hdma_usart1_rx.Init.PeriphDataAlignment = DMA_PDATAALIGN_BYTE;
 221              		.loc 1 93 5 is_stmt 1 view .LVU67
  93:Core/Src/usart.c ****     hdma_usart1_rx.Init.PeriphDataAlignment = DMA_PDATAALIGN_BYTE;
 222              		.loc 1 93 32 is_stmt 0 view .LVU68
 223 0070 8022     		movs	r2, #128
 224 0072 0261     		str	r2, [r0, #16]
  94:Core/Src/usart.c ****     hdma_usart1_rx.Init.MemDataAlignment = DMA_MDATAALIGN_BYTE;
 225              		.loc 1 94 5 is_stmt 1 view .LVU69
  94:Core/Src/usart.c ****     hdma_usart1_rx.Init.MemDataAlignment = DMA_MDATAALIGN_BYTE;
 226              		.loc 1 94 45 is_stmt 0 view .LVU70
 227 0074 4361     		str	r3, [r0, #20]
  95:Core/Src/usart.c ****     hdma_usart1_rx.Init.Mode = DMA_NORMAL;
 228              		.loc 1 95 5 is_stmt 1 view .LVU71
  95:Core/Src/usart.c ****     hdma_usart1_rx.Init.Mode = DMA_NORMAL;
 229              		.loc 1 95 42 is_stmt 0 view .LVU72
 230 0076 8361     		str	r3, [r0, #24]
  96:Core/Src/usart.c ****     hdma_usart1_rx.Init.Priority = DMA_PRIORITY_LOW;
 231              		.loc 1 96 5 is_stmt 1 view .LVU73
  96:Core/Src/usart.c ****     hdma_usart1_rx.Init.Priority = DMA_PRIORITY_LOW;
 232              		.loc 1 96 30 is_stmt 0 view .LVU74
 233 0078 C361     		str	r3, [r0, #28]
ARM GAS  C:\Users\Michael\AppData\Local\Temp\ccqicAPf.s 			page 8


  97:Core/Src/usart.c ****     if (HAL_DMA_Init(&hdma_usart1_rx) != HAL_OK)
 234              		.loc 1 97 5 is_stmt 1 view .LVU75
  97:Core/Src/usart.c ****     if (HAL_DMA_Init(&hdma_usart1_rx) != HAL_OK)
 235              		.loc 1 97 34 is_stmt 0 view .LVU76
 236 007a 0362     		str	r3, [r0, #32]
  98:Core/Src/usart.c ****     {
 237              		.loc 1 98 5 is_stmt 1 view .LVU77
  98:Core/Src/usart.c ****     {
 238              		.loc 1 98 9 is_stmt 0 view .LVU78
 239 007c FFF7FEFF 		bl	HAL_DMA_Init
 240              	.LVL7:
  98:Core/Src/usart.c ****     {
 241              		.loc 1 98 8 view .LVU79
 242 0080 00BB     		cbnz	r0, .L13
 243              	.L9:
 103:Core/Src/usart.c **** 
 244              		.loc 1 103 5 is_stmt 1 view .LVU80
 103:Core/Src/usart.c **** 
 245              		.loc 1 103 5 view .LVU81
 246 0082 144B     		ldr	r3, .L15+4
 247 0084 2367     		str	r3, [r4, #112]
 103:Core/Src/usart.c **** 
 248              		.loc 1 103 5 view .LVU82
 249 0086 9C62     		str	r4, [r3, #40]
 103:Core/Src/usart.c **** 
 250              		.loc 1 103 5 view .LVU83
 106:Core/Src/usart.c ****     hdma_usart1_tx.Init.Request = DMA_REQUEST_2;
 251              		.loc 1 106 5 view .LVU84
 106:Core/Src/usart.c ****     hdma_usart1_tx.Init.Request = DMA_REQUEST_2;
 252              		.loc 1 106 29 is_stmt 0 view .LVU85
 253 0088 1448     		ldr	r0, .L15+12
 254 008a 154B     		ldr	r3, .L15+16
 255 008c 0360     		str	r3, [r0]
 107:Core/Src/usart.c ****     hdma_usart1_tx.Init.Direction = DMA_MEMORY_TO_PERIPH;
 256              		.loc 1 107 5 is_stmt 1 view .LVU86
 107:Core/Src/usart.c ****     hdma_usart1_tx.Init.Direction = DMA_MEMORY_TO_PERIPH;
 257              		.loc 1 107 33 is_stmt 0 view .LVU87
 258 008e 0223     		movs	r3, #2
 259 0090 4360     		str	r3, [r0, #4]
 108:Core/Src/usart.c ****     hdma_usart1_tx.Init.PeriphInc = DMA_PINC_DISABLE;
 260              		.loc 1 108 5 is_stmt 1 view .LVU88
 108:Core/Src/usart.c ****     hdma_usart1_tx.Init.PeriphInc = DMA_PINC_DISABLE;
 261              		.loc 1 108 35 is_stmt 0 view .LVU89
 262 0092 1023     		movs	r3, #16
 263 0094 8360     		str	r3, [r0, #8]
 109:Core/Src/usart.c ****     hdma_usart1_tx.Init.MemInc = DMA_MINC_ENABLE;
 264              		.loc 1 109 5 is_stmt 1 view .LVU90
 109:Core/Src/usart.c ****     hdma_usart1_tx.Init.MemInc = DMA_MINC_ENABLE;
 265              		.loc 1 109 35 is_stmt 0 view .LVU91
 266 0096 0023     		movs	r3, #0
 267 0098 C360     		str	r3, [r0, #12]
 110:Core/Src/usart.c ****     hdma_usart1_tx.Init.PeriphDataAlignment = DMA_PDATAALIGN_BYTE;
 268              		.loc 1 110 5 is_stmt 1 view .LVU92
 110:Core/Src/usart.c ****     hdma_usart1_tx.Init.PeriphDataAlignment = DMA_PDATAALIGN_BYTE;
 269              		.loc 1 110 32 is_stmt 0 view .LVU93
 270 009a 8022     		movs	r2, #128
 271 009c 0261     		str	r2, [r0, #16]
ARM GAS  C:\Users\Michael\AppData\Local\Temp\ccqicAPf.s 			page 9


 111:Core/Src/usart.c ****     hdma_usart1_tx.Init.MemDataAlignment = DMA_MDATAALIGN_BYTE;
 272              		.loc 1 111 5 is_stmt 1 view .LVU94
 111:Core/Src/usart.c ****     hdma_usart1_tx.Init.MemDataAlignment = DMA_MDATAALIGN_BYTE;
 273              		.loc 1 111 45 is_stmt 0 view .LVU95
 274 009e 4361     		str	r3, [r0, #20]
 112:Core/Src/usart.c ****     hdma_usart1_tx.Init.Mode = DMA_NORMAL;
 275              		.loc 1 112 5 is_stmt 1 view .LVU96
 112:Core/Src/usart.c ****     hdma_usart1_tx.Init.Mode = DMA_NORMAL;
 276              		.loc 1 112 42 is_stmt 0 view .LVU97
 277 00a0 8361     		str	r3, [r0, #24]
 113:Core/Src/usart.c ****     hdma_usart1_tx.Init.Priority = DMA_PRIORITY_LOW;
 278              		.loc 1 113 5 is_stmt 1 view .LVU98
 113:Core/Src/usart.c ****     hdma_usart1_tx.Init.Priority = DMA_PRIORITY_LOW;
 279              		.loc 1 113 30 is_stmt 0 view .LVU99
 280 00a2 C361     		str	r3, [r0, #28]
 114:Core/Src/usart.c ****     if (HAL_DMA_Init(&hdma_usart1_tx) != HAL_OK)
 281              		.loc 1 114 5 is_stmt 1 view .LVU100
 114:Core/Src/usart.c ****     if (HAL_DMA_Init(&hdma_usart1_tx) != HAL_OK)
 282              		.loc 1 114 34 is_stmt 0 view .LVU101
 283 00a4 0362     		str	r3, [r0, #32]
 115:Core/Src/usart.c ****     {
 284              		.loc 1 115 5 is_stmt 1 view .LVU102
 115:Core/Src/usart.c ****     {
 285              		.loc 1 115 9 is_stmt 0 view .LVU103
 286 00a6 FFF7FEFF 		bl	HAL_DMA_Init
 287              	.LVL8:
 115:Core/Src/usart.c ****     {
 288              		.loc 1 115 8 view .LVU104
 289 00aa 70B9     		cbnz	r0, .L14
 290              	.L10:
 120:Core/Src/usart.c **** 
 291              		.loc 1 120 5 is_stmt 1 view .LVU105
 120:Core/Src/usart.c **** 
 292              		.loc 1 120 5 view .LVU106
 293 00ac 0B4B     		ldr	r3, .L15+12
 294 00ae E366     		str	r3, [r4, #108]
 120:Core/Src/usart.c **** 
 295              		.loc 1 120 5 view .LVU107
 296 00b0 9C62     		str	r4, [r3, #40]
 120:Core/Src/usart.c **** 
 297              		.loc 1 120 5 view .LVU108
 123:Core/Src/usart.c ****     HAL_NVIC_EnableIRQ(USART1_IRQn);
 298              		.loc 1 123 5 view .LVU109
 299 00b2 0022     		movs	r2, #0
 300 00b4 1146     		mov	r1, r2
 301 00b6 2520     		movs	r0, #37
 302 00b8 FFF7FEFF 		bl	HAL_NVIC_SetPriority
 303              	.LVL9:
 124:Core/Src/usart.c ****   /* USER CODE BEGIN USART1_MspInit 1 */
 304              		.loc 1 124 5 view .LVU110
 305 00bc 2520     		movs	r0, #37
 306 00be FFF7FEFF 		bl	HAL_NVIC_EnableIRQ
 307              	.LVL10:
 308              		.loc 1 129 1 is_stmt 0 view .LVU111
 309 00c2 A9E7     		b	.L7
 310              	.L13:
 100:Core/Src/usart.c ****     }
ARM GAS  C:\Users\Michael\AppData\Local\Temp\ccqicAPf.s 			page 10


 311              		.loc 1 100 7 is_stmt 1 view .LVU112
 312 00c4 FFF7FEFF 		bl	Error_Handler
 313              	.LVL11:
 314 00c8 DBE7     		b	.L9
 315              	.L14:
 117:Core/Src/usart.c ****     }
 316              		.loc 1 117 7 view .LVU113
 317 00ca FFF7FEFF 		bl	Error_Handler
 318              	.LVL12:
 319 00ce EDE7     		b	.L10
 320              	.L16:
 321              		.align	2
 322              	.L15:
 323 00d0 00380140 		.word	1073821696
 324 00d4 00000000 		.word	.LANCHOR1
 325 00d8 58000240 		.word	1073872984
 326 00dc 00000000 		.word	.LANCHOR2
 327 00e0 44000240 		.word	1073872964
 328              		.cfi_endproc
 329              	.LFE133:
 331              		.section	.text.HAL_UART_MspDeInit,"ax",%progbits
 332              		.align	1
 333              		.global	HAL_UART_MspDeInit
 334              		.syntax unified
 335              		.thumb
 336              		.thumb_func
 337              		.fpu fpv4-sp-d16
 339              	HAL_UART_MspDeInit:
 340              	.LVL13:
 341              	.LFB134:
 130:Core/Src/usart.c **** 
 131:Core/Src/usart.c **** void HAL_UART_MspDeInit(UART_HandleTypeDef* uartHandle)
 132:Core/Src/usart.c **** {
 342              		.loc 1 132 1 view -0
 343              		.cfi_startproc
 344              		@ args = 0, pretend = 0, frame = 0
 345              		@ frame_needed = 0, uses_anonymous_args = 0
 133:Core/Src/usart.c **** 
 134:Core/Src/usart.c ****   if(uartHandle->Instance==USART1)
 346              		.loc 1 134 3 view .LVU115
 347              		.loc 1 134 16 is_stmt 0 view .LVU116
 348 0000 0268     		ldr	r2, [r0]
 349              		.loc 1 134 5 view .LVU117
 350 0002 0D4B     		ldr	r3, .L24
 351 0004 9A42     		cmp	r2, r3
 352 0006 00D0     		beq	.L23
 353 0008 7047     		bx	lr
 354              	.L23:
 132:Core/Src/usart.c **** 
 355              		.loc 1 132 1 view .LVU118
 356 000a 10B5     		push	{r4, lr}
 357              	.LCFI5:
 358              		.cfi_def_cfa_offset 8
 359              		.cfi_offset 4, -8
 360              		.cfi_offset 14, -4
 361 000c 0446     		mov	r4, r0
 135:Core/Src/usart.c ****   {
ARM GAS  C:\Users\Michael\AppData\Local\Temp\ccqicAPf.s 			page 11


 136:Core/Src/usart.c ****   /* USER CODE BEGIN USART1_MspDeInit 0 */
 137:Core/Src/usart.c **** 
 138:Core/Src/usart.c ****   /* USER CODE END USART1_MspDeInit 0 */
 139:Core/Src/usart.c ****     /* Peripheral clock disable */
 140:Core/Src/usart.c ****     __HAL_RCC_USART1_CLK_DISABLE();
 362              		.loc 1 140 5 is_stmt 1 view .LVU119
 363 000e 0B4A     		ldr	r2, .L24+4
 364 0010 136E     		ldr	r3, [r2, #96]
 365 0012 23F48043 		bic	r3, r3, #16384
 366 0016 1366     		str	r3, [r2, #96]
 141:Core/Src/usart.c **** 
 142:Core/Src/usart.c ****     /**USART1 GPIO Configuration
 143:Core/Src/usart.c ****     PA9     ------> USART1_TX
 144:Core/Src/usart.c ****     PA10     ------> USART1_RX
 145:Core/Src/usart.c ****     */
 146:Core/Src/usart.c ****     HAL_GPIO_DeInit(GPIOA, GPS_TX_Pin|GPS_RX_Pin);
 367              		.loc 1 146 5 view .LVU120
 368 0018 4FF4C061 		mov	r1, #1536
 369 001c 4FF09040 		mov	r0, #1207959552
 370              	.LVL14:
 371              		.loc 1 146 5 is_stmt 0 view .LVU121
 372 0020 FFF7FEFF 		bl	HAL_GPIO_DeInit
 373              	.LVL15:
 147:Core/Src/usart.c **** 
 148:Core/Src/usart.c ****     /* USART1 DMA DeInit */
 149:Core/Src/usart.c ****     HAL_DMA_DeInit(uartHandle->hdmarx);
 374              		.loc 1 149 5 is_stmt 1 view .LVU122
 375 0024 206F     		ldr	r0, [r4, #112]
 376 0026 FFF7FEFF 		bl	HAL_DMA_DeInit
 377              	.LVL16:
 150:Core/Src/usart.c ****     HAL_DMA_DeInit(uartHandle->hdmatx);
 378              		.loc 1 150 5 view .LVU123
 379 002a E06E     		ldr	r0, [r4, #108]
 380 002c FFF7FEFF 		bl	HAL_DMA_DeInit
 381              	.LVL17:
 151:Core/Src/usart.c **** 
 152:Core/Src/usart.c ****     /* USART1 interrupt Deinit */
 153:Core/Src/usart.c ****     HAL_NVIC_DisableIRQ(USART1_IRQn);
 382              		.loc 1 153 5 view .LVU124
 383 0030 2520     		movs	r0, #37
 384 0032 FFF7FEFF 		bl	HAL_NVIC_DisableIRQ
 385              	.LVL18:
 154:Core/Src/usart.c ****   /* USER CODE BEGIN USART1_MspDeInit 1 */
 155:Core/Src/usart.c **** 
 156:Core/Src/usart.c ****   /* USER CODE END USART1_MspDeInit 1 */
 157:Core/Src/usart.c ****   }
 158:Core/Src/usart.c **** }
 386              		.loc 1 158 1 is_stmt 0 view .LVU125
 387 0036 10BD     		pop	{r4, pc}
 388              	.LVL19:
 389              	.L25:
 390              		.loc 1 158 1 view .LVU126
 391              		.align	2
 392              	.L24:
 393 0038 00380140 		.word	1073821696
 394 003c 00100240 		.word	1073876992
 395              		.cfi_endproc
ARM GAS  C:\Users\Michael\AppData\Local\Temp\ccqicAPf.s 			page 12


 396              	.LFE134:
 398              		.global	hdma_usart1_tx
 399              		.global	hdma_usart1_rx
 400              		.global	huart1
 401              		.section	.bss.hdma_usart1_rx,"aw",%nobits
 402              		.align	2
 403              		.set	.LANCHOR1,. + 0
 406              	hdma_usart1_rx:
 407 0000 00000000 		.space	72
 407      00000000 
 407      00000000 
 407      00000000 
 407      00000000 
 408              		.section	.bss.hdma_usart1_tx,"aw",%nobits
 409              		.align	2
 410              		.set	.LANCHOR2,. + 0
 413              	hdma_usart1_tx:
 414 0000 00000000 		.space	72
 414      00000000 
 414      00000000 
 414      00000000 
 414      00000000 
 415              		.section	.bss.huart1,"aw",%nobits
 416              		.align	2
 417              		.set	.LANCHOR0,. + 0
 420              	huart1:
 421 0000 00000000 		.space	132
 421      00000000 
 421      00000000 
 421      00000000 
 421      00000000 
 422              		.text
 423              	.Letext0:
 424              		.file 2 "c:\\programdata\\chocolatey\\lib\\gcc-arm-embedded\\tools\\gcc-arm-none-eabi-10-2020-q4-m
 425              		.file 3 "c:\\programdata\\chocolatey\\lib\\gcc-arm-embedded\\tools\\gcc-arm-none-eabi-10-2020-q4-m
 426              		.file 4 "Drivers/CMSIS/Device/ST/STM32L4xx/Include/stm32l432xx.h"
 427              		.file 5 "Drivers/STM32L4xx_HAL_Driver/Inc/stm32l4xx_hal_def.h"
 428              		.file 6 "Drivers/STM32L4xx_HAL_Driver/Inc/stm32l4xx_hal_gpio.h"
 429              		.file 7 "Drivers/STM32L4xx_HAL_Driver/Inc/stm32l4xx_hal_dma.h"
 430              		.file 8 "Drivers/STM32L4xx_HAL_Driver/Inc/stm32l4xx_hal_uart.h"
 431              		.file 9 "Core/Inc/usart.h"
 432              		.file 10 "Drivers/STM32L4xx_HAL_Driver/Inc/stm32l4xx_hal_cortex.h"
 433              		.file 11 "Core/Inc/main.h"
ARM GAS  C:\Users\Michael\AppData\Local\Temp\ccqicAPf.s 			page 13


DEFINED SYMBOLS
                            *ABS*:00000000 usart.c
C:\Users\Michael\AppData\Local\Temp\ccqicAPf.s:18     .text.MX_USART1_UART_Init:00000000 $t
C:\Users\Michael\AppData\Local\Temp\ccqicAPf.s:26     .text.MX_USART1_UART_Init:00000000 MX_USART1_UART_Init
C:\Users\Michael\AppData\Local\Temp\ccqicAPf.s:91     .text.MX_USART1_UART_Init:00000030 $d
C:\Users\Michael\AppData\Local\Temp\ccqicAPf.s:97     .text.HAL_UART_MspInit:00000000 $t
C:\Users\Michael\AppData\Local\Temp\ccqicAPf.s:104    .text.HAL_UART_MspInit:00000000 HAL_UART_MspInit
C:\Users\Michael\AppData\Local\Temp\ccqicAPf.s:323    .text.HAL_UART_MspInit:000000d0 $d
C:\Users\Michael\AppData\Local\Temp\ccqicAPf.s:332    .text.HAL_UART_MspDeInit:00000000 $t
C:\Users\Michael\AppData\Local\Temp\ccqicAPf.s:339    .text.HAL_UART_MspDeInit:00000000 HAL_UART_MspDeInit
C:\Users\Michael\AppData\Local\Temp\ccqicAPf.s:393    .text.HAL_UART_MspDeInit:00000038 $d
C:\Users\Michael\AppData\Local\Temp\ccqicAPf.s:413    .bss.hdma_usart1_tx:00000000 hdma_usart1_tx
C:\Users\Michael\AppData\Local\Temp\ccqicAPf.s:406    .bss.hdma_usart1_rx:00000000 hdma_usart1_rx
C:\Users\Michael\AppData\Local\Temp\ccqicAPf.s:420    .bss.huart1:00000000 huart1
C:\Users\Michael\AppData\Local\Temp\ccqicAPf.s:402    .bss.hdma_usart1_rx:00000000 $d
C:\Users\Michael\AppData\Local\Temp\ccqicAPf.s:409    .bss.hdma_usart1_tx:00000000 $d
C:\Users\Michael\AppData\Local\Temp\ccqicAPf.s:416    .bss.huart1:00000000 $d

UNDEFINED SYMBOLS
HAL_UART_Init
Error_Handler
HAL_GPIO_Init
HAL_DMA_Init
HAL_NVIC_SetPriority
HAL_NVIC_EnableIRQ
HAL_GPIO_DeInit
HAL_DMA_DeInit
HAL_NVIC_DisableIRQ
